2025-08-18 16:36:36,601 - INFO - Logs: Logs Initialized.

2025-08-18 16:36:37,451 - INFO - PubMed API: API Key Used.
2025-08-18 16:36:37,451 - INFO - PubMed API: Email Used.
2025-08-18 16:36:37,451 - INFO - PubMedCentral API: API Key Used.
2025-08-18 16:36:37,451 - INFO - PubMedCentral API: Email Used.

2025-08-18 16:36:38,781 - INFO - AtlasConnector: Deployment Pinged. Successfully Connected To MongoDB Atlas.
2025-08-18 16:36:38,781 - INFO - AtlasConnector: Cluster: articles-cluster.
2025-08-18 16:36:38,781 - INFO - AtlasConnector: DataBase: fetched-data-db.
2025-08-18 16:36:38,781 - INFO - AtlasConnector: Collection: pm-pmc-data.
2025-08-18 16:36:42,191 - INFO - Starting extraction stage.
2025-08-18 16:36:42,192 - INFO - Extraction Process: Extracting Abstracts Only. No Calls To PubMedCentral API.

2025-08-18 16:36:42,192 - INFO - Extraction Process: Working On: Stomach Cancer.

2025-08-18 16:36:43,178 - INFO - PubMed API: Search Endpoint: Response OK: 200
2025-08-18 16:36:43,179 - INFO - PubMed API: Search Endpoint: Total Search Results For Current Query: 22256
2025-08-18 16:36:43,179 - INFO - Search Endpoint: Sleeping For 0.11s.
2025-08-18 16:36:43,291 - INFO - Extraction Process: 10000 Articles To Get.
2025-08-18 16:37:31,745 - INFO - PubMed API: Fetch Endpoint: Response OK: 200
2025-08-18 16:37:31,745 - INFO - Fetch Endpoint: Sleeping For 0.11s.
2025-08-18 16:37:32,836 - INFO - PubMed API: Found 1000 Articles In Fetched XML Root.
2025-08-18 16:37:32,836 - INFO - PubMed API: PMid: 40788742: Metadata Found.
2025-08-18 16:37:32,836 - INFO - PubMed API: PMid: 40787830: Metadata Found.
2025-08-18 16:37:32,837 - INFO - PubMed API: PMid: 40785690: Metadata Found.
2025-08-18 16:37:32,837 - INFO - PubMed API: PMid: 40783730: Metadata Found.
2025-08-18 16:37:32,837 - INFO - PubMed API: PMid: 40779780: Metadata Found.
2025-08-18 16:37:32,837 - INFO - PubMed API: PMid: 40777970: Metadata Found.
2025-08-18 16:37:32,837 - INFO - PubMed API: PMid: 40777025: Metadata Found.
2025-08-18 16:37:32,837 - INFO - PubMed API: PMid: 40775711: Metadata Found.
2025-08-18 16:37:32,837 - INFO - PubMed API: PMid: 40775648: Metadata Found.
2025-08-18 16:37:32,838 - INFO - PubMed API: PMid: 40775431: Metadata Found.
2025-08-18 16:37:32,838 - INFO - PubMed API: PMid: 40775351: Metadata Found.
2025-08-18 16:37:32,838 - INFO - PubMed API: PMid: 40775258: Metadata Found.
2025-08-18 16:37:32,838 - INFO - PubMed API: PMid: 40775202: Metadata Found.
2025-08-18 16:37:32,838 - INFO - PubMed API: PMid: 40775000: Metadata Found.
2025-08-18 16:37:32,838 - INFO - PubMed API: PMid: 40774945: Metadata Found.
2025-08-18 16:37:32,839 - INFO - PubMed API: PMid: 40771813: Metadata Found.
2025-08-18 16:37:32,839 - INFO - PubMed API: PMid: 40771810: Metadata Found.
2025-08-18 16:37:32,839 - INFO - PubMed API: PMid: 40771798: Metadata Found.
2025-08-18 16:37:32,839 - INFO - PubMed API: PMid: 40770796: Metadata Found.
2025-08-18 16:37:32,839 - INFO - PubMed API: PMid: 40770215: Metadata Found.
2025-08-18 16:37:32,839 - INFO - PubMed API: PMid: 40770005: Metadata Found.
2025-08-18 16:37:32,839 - INFO - PubMed API: PMid: 40768514: Metadata Found.
2025-08-18 16:37:32,840 - INFO - PubMed API: PMid: 40768000: Metadata Found.
2025-08-18 16:37:32,840 - INFO - PubMed API: PMid: 40765835: Metadata Found.
2025-08-18 16:37:32,840 - INFO - PubMed API: PMid: 40765570: Metadata Found.
2025-08-18 16:37:32,840 - INFO - PubMed API: PMid: 40761936: Metadata Found.
2025-08-18 16:37:32,840 - INFO - PubMed API: PMid: 40760586: Metadata Found.
2025-08-18 16:37:32,840 - INFO - PubMed API: PMid: 40759445: Metadata Found.
2025-08-18 16:37:32,841 - INFO - PubMed API: PMid: 40757912: Metadata Found.
2025-08-18 16:37:32,841 - INFO - PubMed API: PMid: 40755776: Metadata Found.
2025-08-18 16:37:32,841 - INFO - PubMed API: PMid: 40755765: Metadata Found.
2025-08-18 16:37:32,841 - INFO - PubMed API: PMid: 40755756: Metadata Found.
2025-08-18 16:37:32,841 - INFO - PubMed API: PMid: 40755752: Metadata Found.
2025-08-18 16:37:32,841 - INFO - PubMed API: PMid: 40749150: Metadata Found.
2025-08-18 16:37:32,841 - INFO - PubMed API: PMid: 40745533: Metadata Found.
2025-08-18 16:37:32,841 - INFO - PubMed API: PMid: 40741776: Metadata Found.
2025-08-18 16:37:32,842 - INFO - PubMed API: PMid: 40741479: Metadata Found.
2025-08-18 16:37:32,842 - INFO - PubMed API: PMid: 40741103: Metadata Found.
2025-08-18 16:37:32,842 - INFO - PubMed API: PMid: 40740771: Metadata Found.
2025-08-18 16:37:32,842 - INFO - PubMed API: PMid: 40731404: Metadata Found.
2025-08-18 16:37:32,843 - INFO - PubMed API: PMid: 40729092: Metadata Found.
2025-08-18 16:37:32,843 - INFO - PubMed API: PMid: 40725485: Metadata Found.
2025-08-18 16:37:32,843 - INFO - PubMed API: PMid: 40724968: Metadata Found.
2025-08-18 16:37:32,844 - INFO - PubMed API: PMid: 40721618: Metadata Found.
2025-08-18 16:37:32,846 - INFO - PubMed API: PMid: 40717056: Metadata Found.
2025-08-18 16:37:32,846 - INFO - PubMed API: PMid: 40718490: Metadata Found.
2025-08-18 16:37:32,846 - INFO - PubMed API: PMid: 40715454: Metadata Found.
2025-08-18 16:37:32,846 - INFO - PubMed API: PMid: 40715337: Metadata Found.
2025-08-18 16:37:32,846 - INFO - PubMed API: PMid: 40713854: Metadata Found.
2025-08-18 16:37:32,847 - INFO - PubMed API: PMid: 40710343: Metadata Found.
2025-08-18 16:37:32,847 - INFO - PubMed API: PMid: 40709427: Metadata Found.
2025-08-18 16:37:32,847 - INFO - PubMed API: PMid: 40707596: Metadata Found.
2025-08-18 16:37:32,847 - INFO - PubMed API: PMid: 40707450: Metadata Found.
2025-08-18 16:37:32,848 - INFO - PubMed API: PMid: 40704685: Metadata Found.
2025-08-18 16:37:32,848 - INFO - PubMed API: PMid: 40704465: Metadata Found.
2025-08-18 16:37:32,848 - INFO - PubMed API: PMid: 40702544: Metadata Found.
2025-08-18 16:37:32,848 - INFO - PubMed API: PMid: 40702064: Metadata Found.
2025-08-18 16:37:32,849 - INFO - PubMed API: PMid: 40701960: Metadata Found.
2025-08-18 16:37:32,849 - INFO - PubMed API: PMid: 40700119: Metadata Found.
2025-08-18 16:37:32,849 - INFO - PubMed API: PMid: 40696733: Metadata Found.
2025-08-18 16:37:32,849 - INFO - PubMed API: PMid: 40696666: Metadata Found.
2025-08-18 16:37:32,849 - INFO - PubMed API: PMid: 40696490: Metadata Found.
2025-08-18 16:37:32,850 - INFO - PubMed API: PMid: 40696397: Metadata Found.
2025-08-18 16:37:32,850 - INFO - PubMed API: PMid: 40696067: Metadata Found.
2025-08-18 16:37:32,850 - INFO - PubMed API: PMid: 40691605: Metadata Found.
2025-08-18 16:37:32,850 - INFO - PubMed API: PMid: 40689396: Metadata Found.
2025-08-18 16:37:32,851 - INFO - PubMed API: PMid: 40688093: Metadata Found.
2025-08-18 16:37:32,851 - INFO - PubMed API: PMid: 40686717: Metadata Found.
2025-08-18 16:37:32,851 - INFO - PubMed API: PMid: 40686307: Metadata Found.
2025-08-18 16:37:32,851 - INFO - PubMed API: PMid: 40682841: Metadata Found.
2025-08-18 16:37:32,851 - INFO - PubMed API: PMid: 40682156: Metadata Found.
2025-08-18 16:37:32,852 - INFO - PubMed API: PMid: 40677704: Metadata Found.
2025-08-18 16:37:32,852 - INFO - PubMed API: PMid: 40676618: Metadata Found.
2025-08-18 16:37:32,852 - INFO - PubMed API: PMid: 40675356: Metadata Found.
2025-08-18 16:37:32,852 - INFO - PubMed API: PMid: 40673317: Metadata Found.
2025-08-18 16:37:32,852 - INFO - PubMed API: PMid: 40673308: Metadata Found.
2025-08-18 16:37:32,852 - INFO - PubMed API: PMid: 40673298: Metadata Found.
2025-08-18 16:37:32,853 - INFO - PubMed API: PMid: 40666515: Metadata Found.
2025-08-18 16:37:32,853 - INFO - PubMed API: PMid: 40665405: Metadata Found.
2025-08-18 16:37:32,853 - INFO - PubMed API: PMid: 40665360: Metadata Found.
2025-08-18 16:37:32,853 - INFO - PubMed API: PMid: 40664751: Metadata Found.
2025-08-18 16:37:32,854 - INFO - PubMed API: PMid: 40664635: Metadata Found.
2025-08-18 16:37:32,854 - INFO - PubMed API: PMid: 40661955: Metadata Found.
2025-08-18 16:37:32,854 - INFO - PubMed API: PMid: 40660564: Metadata Found.
2025-08-18 16:37:32,854 - INFO - PubMed API: PMid: 40660403: Metadata Found.
2025-08-18 16:37:32,854 - INFO - PubMed API: PMid: 40659630: Metadata Found.
2025-08-18 16:37:32,855 - INFO - PubMed API: PMid: 40657397: Metadata Found.
2025-08-18 16:37:32,855 - INFO - PubMed API: PMid: 40656957: Metadata Found.
2025-08-18 16:37:32,855 - INFO - PubMed API: PMid: 40655149: Metadata Found.
2025-08-18 16:37:32,855 - INFO - PubMed API: PMid: 40654572: Metadata Found.
2025-08-18 16:37:32,855 - INFO - PubMed API: PMid: 40653807: Metadata Found.
2025-08-18 16:37:32,855 - INFO - PubMed API: PMid: 40653542: Metadata Found.
2025-08-18 16:37:32,856 - INFO - PubMed API: PMid: 40652510: Metadata Found.
2025-08-18 16:37:32,856 - INFO - PubMed API: PMid: 40652278: Metadata Found.
2025-08-18 16:37:32,856 - INFO - PubMed API: PMid: 40651012: Metadata Found.
2025-08-18 16:37:32,856 - INFO - PubMed API: PMid: 40650758: Metadata Found.
2025-08-18 16:37:32,856 - INFO - PubMed API: PMid: 40650701: Metadata Found.
2025-08-18 16:37:32,856 - INFO - PubMed API: PMid: 40650581: Metadata Found.
2025-08-18 16:37:32,857 - INFO - PubMed API: PMid: 40649776: Metadata Found.
2025-08-18 16:37:32,857 - INFO - PubMed API: PMid: 40649716: Metadata Found.
2025-08-18 16:37:32,857 - INFO - PubMed API: PMid: 40643914: Metadata Found.
2025-08-18 16:37:32,857 - INFO - PubMed API: PMid: 40642068: Metadata Found.
2025-08-18 16:37:32,857 - INFO - PubMed API: PMid: 40641712: Metadata Found.
2025-08-18 16:37:32,858 - INFO - PubMed API: PMid: 40641125: Metadata Found.
2025-08-18 16:37:32,858 - INFO - PubMed API: PMid: 40640775: Metadata Found.
2025-08-18 16:37:32,858 - INFO - PubMed API: PMid: 40640500: Metadata Found.
2025-08-18 16:37:32,859 - INFO - PubMed API: PMid: 40640119: Metadata Found.
2025-08-18 16:37:32,859 - INFO - PubMed API: PMid: 40638694: Metadata Found.
2025-08-18 16:37:32,859 - INFO - PubMed API: PMid: 40637774: Metadata Found.
2025-08-18 16:37:32,859 - INFO - PubMed API: PMid: 40637070: Metadata Found.
2025-08-18 16:37:32,860 - INFO - PubMed API: PMid: 40635031: Metadata Found.
2025-08-18 16:37:32,860 - INFO - PubMed API: PMid: 40631474: Metadata Found.
2025-08-18 16:37:32,860 - INFO - PubMed API: PMid: 40631471: Metadata Found.
2025-08-18 16:37:32,861 - INFO - PubMed API: PMid: 40630953: Metadata Found.
2025-08-18 16:37:32,861 - INFO - PubMed API: PMid: 40629181: Metadata Found.
2025-08-18 16:37:32,861 - INFO - PubMed API: PMid: 40629017: Metadata Found.
2025-08-18 16:37:32,861 - INFO - PubMed API: PMid: 40619579: Metadata Found.
2025-08-18 16:37:32,862 - INFO - PubMed API: PMid: 40618428: Metadata Found.
2025-08-18 16:37:32,862 - INFO - PubMed API: PMid: 40616546: Metadata Found.
2025-08-18 16:37:32,862 - INFO - PubMed API: PMid: 40616020: Metadata Found.
2025-08-18 16:37:32,863 - INFO - PubMed API: PMid: 40615529: Metadata Found.
2025-08-18 16:37:32,864 - INFO - PubMed API: PMid: 40615435: Metadata Found.
2025-08-18 16:37:32,864 - INFO - PubMed API: PMid: 40615151: Metadata Found.
2025-08-18 16:37:32,864 - INFO - PubMed API: PMid: 40614569: Metadata Found.
2025-08-18 16:37:32,864 - INFO - PubMed API: PMid: 40613881: Metadata Found.
2025-08-18 16:37:32,864 - INFO - PubMed API: PMid: 40613290: Metadata Found.
2025-08-18 16:37:32,864 - INFO - PubMed API: PMid: 40613240: Metadata Found.
2025-08-18 16:37:32,864 - INFO - PubMed API: PMid: 40609990: Metadata Found.
2025-08-18 16:37:32,865 - INFO - PubMed API: PMid: 40607419: Metadata Found.
2025-08-18 16:37:32,865 - INFO - PubMed API: PMid: 40604818: Metadata Found.
2025-08-18 16:37:32,865 - INFO - PubMed API: PMid: 40604718: Metadata Found.
2025-08-18 16:37:32,865 - INFO - PubMed API: PMid: 40603395: Metadata Found.
2025-08-18 16:37:32,865 - INFO - PubMed API: PMid: 40598530: Metadata Found.
2025-08-18 16:37:32,866 - INFO - PubMed API: PMid: 40598522: Metadata Found.
2025-08-18 16:37:32,866 - INFO - PubMed API: PMid: 40598472: Metadata Found.
2025-08-18 16:37:32,866 - INFO - PubMed API: PMid: 40598208: Metadata Found.
2025-08-18 16:37:32,866 - INFO - PubMed API: PMid: 40597891: Metadata Found.
2025-08-18 16:37:32,866 - INFO - PubMed API: PMid: 40597880: Metadata Found.
2025-08-18 16:37:32,867 - INFO - PubMed API: PMid: 40597847: Metadata Found.
2025-08-18 16:37:32,867 - INFO - PubMed API: PMid: 40597779: Metadata Found.
2025-08-18 16:37:32,867 - INFO - PubMed API: PMid: 40597721: Metadata Found.
2025-08-18 16:37:32,867 - INFO - PubMed API: PMid: 40597264: Metadata Found.
2025-08-18 16:37:32,867 - INFO - PubMed API: PMid: 40596888: Metadata Found.
2025-08-18 16:37:32,868 - INFO - PubMed API: PMid: 40596880: Metadata Found.
2025-08-18 16:37:32,868 - INFO - PubMed API: PMid: 40596319: Metadata Found.
2025-08-18 16:37:32,868 - INFO - PubMed API: PMid: 40595924: Metadata Found.
2025-08-18 16:37:32,868 - INFO - PubMed API: PMid: 40595738: Metadata Found.
2025-08-18 16:37:32,868 - INFO - PubMed API: PMid: 40595708: Metadata Found.
2025-08-18 16:37:32,869 - INFO - PubMed API: PMid: 40595652: Metadata Found.
2025-08-18 16:37:32,869 - INFO - PubMed API: PMid: 40595559: Metadata Found.
2025-08-18 16:37:32,869 - INFO - PubMed API: PMid: 40594780: Metadata Found.
2025-08-18 16:37:32,869 - INFO - PubMed API: PMid: 40594436: Metadata Found.
2025-08-18 16:37:32,870 - INFO - PubMed API: PMid: 40594240: Metadata Found.
2025-08-18 16:37:32,870 - INFO - PubMed API: PMid: 40593877: Metadata Found.
2025-08-18 16:37:32,870 - INFO - PubMed API: PMid: 40593094: Metadata Found.
2025-08-18 16:37:32,870 - INFO - PubMed API: PMid: 40592733: Metadata Found.
2025-08-18 16:37:32,871 - INFO - PubMed API: PMid: 40580616: Metadata Found.
2025-08-18 16:37:32,871 - INFO - PubMed API: PMid: 40579136: Metadata Found.
2025-08-18 16:37:32,871 - INFO - PubMed API: PMid: 40579007: Metadata Found.
2025-08-18 16:37:32,871 - INFO - PubMed API: PMid: 40579004: Metadata Found.
2025-08-18 16:37:32,872 - INFO - PubMed API: PMid: 40578990: Metadata Found.
2025-08-18 16:37:32,872 - INFO - PubMed API: PMid: 40576306: Metadata Found.
2025-08-18 16:37:32,872 - INFO - PubMed API: PMid: 40574483: Metadata Found.
2025-08-18 16:37:32,872 - INFO - PubMed API: PMid: 40574291: Metadata Found.
2025-08-18 16:37:32,873 - INFO - PubMed API: PMid: 40572762: Metadata Found.
2025-08-18 16:37:32,873 - INFO - PubMed API: PMid: 40572737: Metadata Found.
2025-08-18 16:37:32,873 - INFO - PubMed API: PMid: 40572713: Metadata Found.
2025-08-18 16:37:32,873 - INFO - PubMed API: PMid: 40571773: Metadata Found.
2025-08-18 16:37:32,874 - INFO - PubMed API: PMid: 40571483: Metadata Found.
2025-08-18 16:37:32,874 - INFO - PubMed API: PMid: 40569929: Metadata Found.
2025-08-18 16:37:32,875 - INFO - PubMed API: PMid: 40569674: Metadata Found.
2025-08-18 16:37:32,875 - INFO - PubMed API: PMid: 40569140: Metadata Found.
2025-08-18 16:37:32,875 - INFO - PubMed API: PMid: 40568785: Metadata Found.
2025-08-18 16:37:32,875 - INFO - PubMed API: PMid: 40565509: Metadata Found.
2025-08-18 16:37:32,876 - INFO - PubMed API: PMid: 40565098: Metadata Found.
2025-08-18 16:37:32,876 - INFO - PubMed API: PMid: 40565055: Metadata Found.
2025-08-18 16:37:32,876 - INFO - PubMed API: PMid: 40565036: Metadata Found.
2025-08-18 16:37:32,876 - INFO - PubMed API: PMid: 40562705: Metadata Found.
2025-08-18 16:37:32,877 - INFO - PubMed API: PMid: 40562563: Metadata Found.
2025-08-18 16:37:32,877 - INFO - PubMed API: PMid: 40557969: Metadata Found.
2025-08-18 16:37:32,877 - INFO - PubMed API: PMid: 40555320: Metadata Found.
2025-08-18 16:37:32,877 - INFO - PubMed API: PMid: 40554953: Metadata Found.
2025-08-18 16:37:32,877 - INFO - PubMed API: PMid: 40554667: Metadata Found.
2025-08-18 16:37:32,877 - INFO - PubMed API: PMid: 40552296: Metadata Found.
2025-08-18 16:37:32,878 - INFO - PubMed API: PMid: 40552288: Metadata Found.
2025-08-18 16:37:32,878 - INFO - PubMed API: PMid: 40551175: Metadata Found.
2025-08-18 16:37:32,878 - INFO - PubMed API: PMid: 40549789: Metadata Found.
2025-08-18 16:37:32,878 - INFO - PubMed API: PMid: 40547041: Metadata Found.
2025-08-18 16:37:32,878 - INFO - PubMed API: PMid: 40546800: Metadata Found.
2025-08-18 16:37:32,879 - INFO - PubMed API: PMid: 40544554: Metadata Found.
2025-08-18 16:37:32,879 - INFO - PubMed API: PMid: 40540760: Metadata Found.
2025-08-18 16:37:32,879 - INFO - PubMed API: PMid: 40539646: Metadata Found.
2025-08-18 16:37:32,879 - INFO - PubMed API: PMid: 40539460: Metadata Found.
2025-08-18 16:37:32,879 - INFO - PubMed API: PMid: 40539201: Metadata Found.
2025-08-18 16:37:32,880 - INFO - PubMed API: PMid: 40539058: Metadata Found.
2025-08-18 16:37:32,880 - INFO - PubMed API: PMid: 40539041: Metadata Found.
2025-08-18 16:37:32,881 - INFO - PubMed API: PMid: 40538517: Metadata Found.
2025-08-18 16:37:32,881 - INFO - PubMed API: PMid: 40538016: Metadata Found.
2025-08-18 16:37:32,881 - INFO - PubMed API: PMid: 40534096: Metadata Found.
2025-08-18 16:37:32,882 - INFO - PubMed API: PMid: 40532817: Metadata Found.
2025-08-18 16:37:32,883 - INFO - PubMed API: PMid: 40532664: Metadata Found.
2025-08-18 16:37:32,884 - INFO - PubMed API: PMid: 40530565: Metadata Found.
2025-08-18 16:37:32,885 - INFO - PubMed API: PMid: 40529304: Metadata Found.
2025-08-18 16:37:32,885 - INFO - PubMed API: PMid: 40528805: Metadata Found.
2025-08-18 16:37:32,886 - INFO - PubMed API: PMid: 40528576: Metadata Found.
2025-08-18 16:37:32,886 - INFO - PubMed API: PMid: 40528239: Metadata Found.
2025-08-18 16:37:32,886 - INFO - PubMed API: PMid: 40527179: Metadata Found.
2025-08-18 16:37:32,886 - INFO - PubMed API: PMid: 40525824: Metadata Found.
2025-08-18 16:37:32,886 - INFO - PubMed API: PMid: 40524516: Metadata Found.
2025-08-18 16:37:32,887 - INFO - PubMed API: PMid: 40524157: Metadata Found.
2025-08-18 16:37:32,887 - INFO - PubMed API: PMid: 40524072: Metadata Found.
2025-08-18 16:37:32,887 - INFO - PubMed API: PMid: 40523768: Metadata Found.
2025-08-18 16:37:32,887 - INFO - PubMed API: PMid: 40523763: Metadata Found.
2025-08-18 16:37:33,114 - INFO - PubMed API: PMid: 40522270: Metadata Found.
2025-08-18 16:37:33,114 - INFO - PubMed API: PMid: 40521987: Metadata Found.
2025-08-18 16:37:33,114 - INFO - PubMed API: PMid: 40521255: Metadata Found.
2025-08-18 16:37:33,114 - INFO - PubMed API: PMid: 40521254: Metadata Found.
2025-08-18 16:37:33,115 - INFO - PubMed API: PMid: 40519938: Metadata Found.
2025-08-18 16:37:33,115 - INFO - PubMed API: PMid: 40519936: Metadata Found.
2025-08-18 16:37:33,115 - INFO - PubMed API: PMid: 40519900: Metadata Found.
2025-08-18 16:37:33,115 - INFO - PubMed API: PMid: 40518541: Metadata Found.
2025-08-18 16:37:33,115 - INFO - PubMed API: PMid: 40517212: Metadata Found.
2025-08-18 16:37:33,116 - INFO - PubMed API: PMid: 40515562: Metadata Found.
2025-08-18 16:37:33,116 - INFO - PubMed API: PMid: 40513139: Metadata Found.
2025-08-18 16:37:33,116 - INFO - PubMed API: PMid: 40512406: Metadata Found.
2025-08-18 16:37:33,116 - INFO - PubMed API: PMid: 40510364: Metadata Found.
2025-08-18 16:37:33,117 - INFO - PubMed API: PMid: 40507876: Metadata Found.
2025-08-18 16:37:33,117 - INFO - PubMed API: PMid: 40506764: Metadata Found.
2025-08-18 16:37:33,117 - INFO - PubMed API: PMid: 40504549: Metadata Found.
2025-08-18 16:37:33,117 - INFO - PubMed API: PMid: 40501119: Metadata Found.
2025-08-18 16:37:33,117 - INFO - PubMed API: PMid: 40500263: Metadata Found.
2025-08-18 16:37:33,117 - INFO - PubMed API: PMid: 40498685: Metadata Found.
2025-08-18 16:37:33,118 - INFO - PubMed API: PMid: 40498647: Metadata Found.
2025-08-18 16:37:33,118 - INFO - PubMed API: PMid: 40498284: Metadata Found.
2025-08-18 16:37:33,118 - INFO - PubMed API: PMid: 40497941: Metadata Found.
2025-08-18 16:37:33,118 - INFO - PubMed API: PMid: 40497089: Metadata Found.
2025-08-18 16:37:33,118 - INFO - PubMed API: PMid: 40496866: Metadata Found.
2025-08-18 16:37:33,119 - INFO - PubMed API: PMid: 40496367: Metadata Found.
2025-08-18 16:37:33,119 - INFO - PubMed API: PMid: 40496358: Metadata Found.
2025-08-18 16:37:33,119 - INFO - PubMed API: PMid: 40495175: Metadata Found.
2025-08-18 16:37:33,119 - INFO - PubMed API: PMid: 40494952: Metadata Found.
2025-08-18 16:37:33,120 - INFO - PubMed API: PMid: 40494845: Metadata Found.
2025-08-18 16:37:33,120 - INFO - PubMed API: PMid: 40489463: Metadata Found.
2025-08-18 16:37:33,120 - INFO - PubMed API: PMid: 40488271: Metadata Found.
2025-08-18 16:37:33,120 - INFO - PubMed API: PMid: 40486876: Metadata Found.
2025-08-18 16:37:33,121 - INFO - PubMed API: PMid: 40483456: Metadata Found.
2025-08-18 16:37:33,121 - INFO - PubMed API: PMid: 40481489: Metadata Found.
2025-08-18 16:37:33,121 - INFO - PubMed API: PMid: 40481442: Metadata Found.
2025-08-18 16:37:33,121 - INFO - PubMed API: PMid: 40481392: Metadata Found.
2025-08-18 16:37:33,121 - INFO - PubMed API: PMid: 40481119: Metadata Found.
2025-08-18 16:37:33,122 - INFO - PubMed API: PMid: 40476844: Metadata Found.
2025-08-18 16:37:33,122 - INFO - PubMed API: PMid: 40474106: Metadata Found.
2025-08-18 16:37:33,122 - INFO - PubMed API: PMid: 40473764: Metadata Found.
2025-08-18 16:37:33,122 - INFO - PubMed API: PMid: 40473706: Metadata Found.
2025-08-18 16:37:33,122 - INFO - PubMed API: PMid: 40473597: Metadata Found.
2025-08-18 16:37:33,123 - INFO - PubMed API: PMid: 40472683: Metadata Found.
2025-08-18 16:37:33,123 - INFO - PubMed API: PMid: 40470592: Metadata Found.
2025-08-18 16:37:33,125 - INFO - PubMed API: PMid: 40469295: Metadata Found.
2025-08-18 16:37:33,130 - INFO - PubMed API: PMid: 40468032: Metadata Found.
2025-08-18 16:37:33,132 - INFO - PubMed API: PMid: 40467837: Metadata Found.
2025-08-18 16:37:33,132 - INFO - PubMed API: PMid: 40467576: Metadata Found.
2025-08-18 16:37:33,132 - INFO - PubMed API: PMid: 40467306: Metadata Found.
2025-08-18 16:37:33,132 - INFO - PubMed API: PMid: 40465055: Metadata Found.
2025-08-18 16:37:33,133 - INFO - PubMed API: PMid: 40464496: Metadata Found.
2025-08-18 16:37:33,133 - INFO - PubMed API: PMid: 40464032: Metadata Found.
2025-08-18 16:37:33,133 - INFO - PubMed API: PMid: 40461943: Metadata Found.
2025-08-18 16:37:33,133 - INFO - PubMed API: PMid: 40460553: Metadata Found.
2025-08-18 16:37:33,133 - INFO - PubMed API: PMid: 40457517: Metadata Found.
2025-08-18 16:37:33,133 - INFO - PubMed API: PMid: 40456011: Metadata Found.
2025-08-18 16:37:33,133 - INFO - PubMed API: PMid: 40455642: Metadata Found.
2025-08-18 16:37:33,134 - INFO - PubMed API: PMid: 40454964: Metadata Found.
2025-08-18 16:37:33,134 - INFO - PubMed API: PMid: 40452932: Metadata Found.
2025-08-18 16:37:33,134 - INFO - PubMed API: PMid: 40452546: Metadata Found.
2025-08-18 16:37:33,134 - INFO - PubMed API: PMid: 40452325: Metadata Found.
2025-08-18 16:37:33,134 - INFO - PubMed API: PMid: 40452026: Metadata Found.
2025-08-18 16:37:33,134 - INFO - PubMed API: PMid: 40451639: Metadata Found.
2025-08-18 16:37:33,135 - INFO - PubMed API: PMid: 40450359: Metadata Found.
2025-08-18 16:37:33,135 - INFO - PubMed API: PMid: 40450207: Metadata Found.
2025-08-18 16:37:33,135 - INFO - PubMed API: PMid: 40450051: Metadata Found.
2025-08-18 16:37:33,135 - INFO - PubMed API: PMid: 40448579: Metadata Found.
2025-08-18 16:37:33,135 - INFO - PubMed API: PMid: 40448000: Metadata Found.
2025-08-18 16:37:33,136 - INFO - PubMed API: PMid: 40446793: Metadata Found.
2025-08-18 16:37:33,136 - INFO - PubMed API: PMid: 40446574: Metadata Found.
2025-08-18 16:37:33,136 - INFO - PubMed API: PMid: 40445765: Metadata Found.
2025-08-18 16:37:33,136 - INFO - PubMed API: PMid: 40445404: Metadata Found.
2025-08-18 16:37:33,136 - INFO - PubMed API: PMid: 40445003: Metadata Found.
2025-08-18 16:37:33,136 - INFO - PubMed API: PMid: 40444282: Metadata Found.
2025-08-18 16:37:33,137 - INFO - PubMed API: PMid: 40444149: Metadata Found.
2025-08-18 16:37:33,137 - INFO - PubMed API: PMid: 40443907: Metadata Found.
2025-08-18 16:37:33,137 - INFO - PubMed API: PMid: 40442738: Metadata Found.
2025-08-18 16:37:33,137 - INFO - PubMed API: PMid: 40442732: Metadata Found.
2025-08-18 16:37:33,137 - INFO - PubMed API: PMid: 40442064: Metadata Found.
2025-08-18 16:37:33,137 - INFO - PubMed API: PMid: 40439369: Metadata Found.
2025-08-18 16:37:33,138 - INFO - PubMed API: PMid: 40438098: Metadata Found.
2025-08-18 16:37:33,138 - INFO - PubMed API: PMid: 40436988: Metadata Found.
2025-08-18 16:37:33,138 - INFO - PubMed API: PMid: 40436766: Metadata Found.
2025-08-18 16:37:33,138 - INFO - PubMed API: PMid: 40433893: Metadata Found.
2025-08-18 16:37:33,138 - INFO - PubMed API: PMid: 40433880: Metadata Found.
2025-08-18 16:37:33,138 - INFO - PubMed API: PMid: 40433373: Metadata Found.
2025-08-18 16:37:33,139 - INFO - PubMed API: PMid: 40430828: Metadata Found.
2025-08-18 16:37:33,139 - INFO - PubMed API: PMid: 40430098: Metadata Found.
2025-08-18 16:37:33,139 - INFO - PubMed API: PMid: 40430075: Metadata Found.
2025-08-18 16:37:33,139 - INFO - PubMed API: PMid: 40428743: Metadata Found.
2025-08-18 16:37:33,139 - INFO - PubMed API: PMid: 40426308: Metadata Found.
2025-08-18 16:37:33,140 - INFO - PubMed API: PMid: 40426075: Metadata Found.
2025-08-18 16:37:33,140 - INFO - PubMed API: PMid: 40426037: Metadata Found.
2025-08-18 16:37:33,140 - INFO - PubMed API: PMid: 40425902: Metadata Found.
2025-08-18 16:37:33,140 - INFO - PubMed API: PMid: 40425785: Metadata Found.
2025-08-18 16:37:33,140 - INFO - PubMed API: PMid: 40425247: Metadata Found.
2025-08-18 16:37:33,140 - INFO - PubMed API: PMid: 40424666: Metadata Found.
2025-08-18 16:37:33,140 - INFO - PubMed API: PMid: 40419812: Metadata Found.
2025-08-18 16:37:33,141 - INFO - PubMed API: PMid: 40416989: Metadata Found.
2025-08-18 16:37:33,141 - INFO - PubMed API: PMid: 40416985: Metadata Found.
2025-08-18 16:37:33,141 - INFO - PubMed API: PMid: 40416795: Metadata Found.
2025-08-18 16:37:33,141 - INFO - PubMed API: PMid: 40416611: Metadata Found.
2025-08-18 16:37:33,142 - INFO - PubMed API: PMid: 40414970: Metadata Found.
2025-08-18 16:37:33,142 - INFO - PubMed API: PMid: 40414867: Metadata Found.
2025-08-18 16:37:33,142 - INFO - PubMed API: PMid: 40413527: Metadata Found.
2025-08-18 16:37:33,142 - INFO - PubMed API: PMid: 40413463: Metadata Found.
2025-08-18 16:37:33,142 - INFO - PubMed API: PMid: 40413361: Metadata Found.
2025-08-18 16:37:33,143 - INFO - PubMed API: PMid: 40413333: Metadata Found.
2025-08-18 16:37:33,143 - INFO - PubMed API: PMid: 40412079: Metadata Found.
2025-08-18 16:37:33,144 - INFO - PubMed API: PMid: 40411278: Metadata Found.
2025-08-18 16:37:33,144 - INFO - PubMed API: PMid: 40409264: Metadata Found.
2025-08-18 16:37:33,144 - INFO - PubMed API: PMid: 40408613: Metadata Found.
2025-08-18 16:37:33,145 - INFO - PubMed API: PMid: 40407276: Metadata Found.
2025-08-18 16:37:33,146 - INFO - PubMed API: PMid: 40406521: Metadata Found.
2025-08-18 16:37:33,147 - INFO - PubMed API: PMid: 40406143: Metadata Found.
2025-08-18 16:37:33,147 - INFO - PubMed API: PMid: 40406134: Metadata Found.
2025-08-18 16:37:33,147 - INFO - PubMed API: PMid: 40405299: Metadata Found.
2025-08-18 16:37:33,148 - INFO - PubMed API: PMid: 40405129: Metadata Found.
2025-08-18 16:37:33,148 - INFO - PubMed API: PMid: 40404727: Metadata Found.
2025-08-18 16:37:33,148 - INFO - PubMed API: PMid: 40404204: Metadata Found.
2025-08-18 16:37:33,148 - INFO - PubMed API: PMid: 40403741: Metadata Found.
2025-08-18 16:37:33,149 - INFO - PubMed API: PMid: 40403197: Metadata Found.
2025-08-18 16:37:33,149 - INFO - PubMed API: PMid: 40402080: Metadata Found.
2025-08-18 16:37:33,150 - INFO - PubMed API: PMid: 40401521: Metadata Found.
2025-08-18 16:37:33,150 - INFO - PubMed API: PMid: 40401498: Metadata Found.
2025-08-18 16:37:33,151 - INFO - PubMed API: PMid: 40399857: Metadata Found.
2025-08-18 16:37:33,151 - INFO - PubMed API: PMid: 40394917: Metadata Found.
2025-08-18 16:37:33,151 - INFO - PubMed API: PMid: 40393971: Metadata Found.
2025-08-18 16:37:33,151 - INFO - PubMed API: PMid: 40392078: Metadata Found.
2025-08-18 16:37:33,151 - INFO - PubMed API: PMid: 40391580: Metadata Found.
2025-08-18 16:37:33,152 - INFO - PubMed API: PMid: 40391219: Metadata Found.
2025-08-18 16:37:33,152 - INFO - PubMed API: PMid: 40391175: Metadata Found.
2025-08-18 16:37:33,153 - INFO - PubMed API: PMid: 40388770: Metadata Found.
2025-08-18 16:37:33,153 - INFO - PubMed API: PMid: 40388765: Metadata Found.
2025-08-18 16:37:33,153 - INFO - PubMed API: PMid: 40388730: Metadata Found.
2025-08-18 16:37:33,153 - INFO - PubMed API: PMid: 40388549: Metadata Found.
2025-08-18 16:37:33,153 - INFO - PubMed API: PMid: 40387965: Metadata Found.
2025-08-18 16:37:33,154 - INFO - PubMed API: PMid: 40386777: Metadata Found.
2025-08-18 16:37:33,154 - INFO - PubMed API: PMid: 40386769: Metadata Found.
2025-08-18 16:37:33,154 - INFO - PubMed API: PMid: 40386054: Metadata Found.
2025-08-18 16:37:33,154 - INFO - PubMed API: PMid: 40382676: Metadata Found.
2025-08-18 16:37:33,154 - INFO - PubMed API: PMid: 40382606: Metadata Found.
2025-08-18 16:37:33,154 - INFO - PubMed API: PMid: 40380807: Metadata Found.
2025-08-18 16:37:33,154 - INFO - PubMed API: PMid: 40380762: Metadata Found.
2025-08-18 16:37:33,155 - INFO - PubMed API: PMid: 40380167: Metadata Found.
2025-08-18 16:37:33,155 - INFO - PubMed API: PMid: 40377610: Metadata Found.
2025-08-18 16:37:33,155 - INFO - PubMed API: PMid: 40376989: Metadata Found.
2025-08-18 16:37:33,155 - INFO - PubMed API: PMid: 40375289: Metadata Found.
2025-08-18 16:37:33,155 - INFO - PubMed API: PMid: 40374836: Metadata Found.
2025-08-18 16:37:33,155 - INFO - PubMed API: PMid: 40373555: Metadata Found.
2025-08-18 16:37:33,156 - INFO - PubMed API: PMid: 40369412: Metadata Found.
2025-08-18 16:37:33,156 - INFO - PubMed API: PMid: 40369121: Metadata Found.
2025-08-18 16:37:33,156 - INFO - PubMed API: PMid: 40366960: Metadata Found.
2025-08-18 16:37:33,156 - INFO - PubMed API: PMid: 40366456: Metadata Found.
2025-08-18 16:37:33,156 - INFO - PubMed API: PMid: 40366428: Metadata Found.
2025-08-18 16:37:33,156 - INFO - PubMed API: PMid: 40365993: Metadata Found.
2025-08-18 16:37:33,157 - INFO - PubMed API: PMid: 40365295: Metadata Found.
2025-08-18 16:37:33,157 - INFO - PubMed API: PMid: 40359707: Metadata Found.
2025-08-18 16:37:33,157 - INFO - PubMed API: PMid: 40358148: Metadata Found.
2025-08-18 16:37:33,157 - INFO - PubMed API: PMid: 40355586: Metadata Found.
2025-08-18 16:37:33,158 - INFO - PubMed API: PMid: 40350473: Metadata Found.
2025-08-18 16:37:33,158 - INFO - PubMed API: PMid: 40350446: Metadata Found.
2025-08-18 16:37:33,158 - INFO - PubMed API: PMid: 40350424: Metadata Found.
2025-08-18 16:37:33,158 - INFO - PubMed API: PMid: 40348495: Metadata Found.
2025-08-18 16:37:33,159 - INFO - PubMed API: PMid: 40347070: Metadata Found.
2025-08-18 16:37:33,159 - INFO - PubMed API: PMid: 40345468: Metadata Found.
2025-08-18 16:37:33,159 - INFO - PubMed API: PMid: 40344467: Metadata Found.
2025-08-18 16:37:33,159 - INFO - PubMed API: PMid: 40342412: Metadata Found.
2025-08-18 16:37:33,159 - INFO - PubMed API: PMid: 40341383: Metadata Found.
2025-08-18 16:37:33,159 - INFO - PubMed API: PMid: 40341176: Metadata Found.
2025-08-18 16:37:33,159 - INFO - PubMed API: PMid: 40341043: Metadata Found.
2025-08-18 16:37:33,160 - INFO - PubMed API: PMid: 40340563: Metadata Found.
2025-08-18 16:37:33,160 - INFO - PubMed API: PMid: 40340189: Metadata Found.
2025-08-18 16:37:33,160 - INFO - PubMed API: PMid: 40336054: Metadata Found.
2025-08-18 16:37:33,160 - INFO - PubMed API: PMid: 40332793: Metadata Found.
2025-08-18 16:37:33,160 - INFO - PubMed API: PMid: 40332533: Metadata Found.
2025-08-18 16:37:33,161 - INFO - PubMed API: PMid: 40331137: Metadata Found.
2025-08-18 16:37:33,161 - INFO - PubMed API: PMid: 40329795: Metadata Found.
2025-08-18 16:37:33,161 - INFO - PubMed API: PMid: 40329328: Metadata Found.
2025-08-18 16:37:33,161 - INFO - PubMed API: PMid: 40329193: Metadata Found.
2025-08-18 16:37:33,161 - INFO - PubMed API: PMid: 40327295: Metadata Found.
2025-08-18 16:37:33,161 - INFO - PubMed API: PMid: 40325849: Metadata Found.
2025-08-18 16:37:33,162 - INFO - PubMed API: PMid: 40325218: Metadata Found.
2025-08-18 16:37:33,162 - INFO - PubMed API: PMid: 40323501: Metadata Found.
2025-08-18 16:37:33,162 - INFO - PubMed API: PMid: 40322324: Metadata Found.
2025-08-18 16:37:33,162 - INFO - PubMed API: PMid: 40320925: Metadata Found.
2025-08-18 16:37:33,162 - INFO - PubMed API: PMid: 40320649: Metadata Found.
2025-08-18 16:37:33,163 - INFO - PubMed API: PMid: 40320534: Metadata Found.
2025-08-18 16:37:33,163 - INFO - PubMed API: PMid: 40320200: Metadata Found.
2025-08-18 16:37:33,163 - INFO - PubMed API: PMid: 40317367: Metadata Found.
2025-08-18 16:37:33,164 - INFO - PubMed API: PMid: 40317360: Metadata Found.
2025-08-18 16:37:33,164 - INFO - PubMed API: PMid: 40317214: Metadata Found.
2025-08-18 16:37:33,164 - INFO - PubMed API: PMid: 40317125: Metadata Found.
2025-08-18 16:37:33,164 - INFO - PubMed API: PMid: 40315445: Metadata Found.
2025-08-18 16:37:33,164 - INFO - PubMed API: PMid: 40315224: Metadata Found.
2025-08-18 16:37:33,174 - INFO - PubMed API: PMid: 40314099: Metadata Found.
2025-08-18 16:37:33,174 - INFO - PubMed API: PMid: 40312419: Metadata Found.
2025-08-18 16:37:33,175 - INFO - PubMed API: PMid: 40309236: Metadata Found.
2025-08-18 16:37:33,175 - INFO - PubMed API: PMid: 40308800: Metadata Found.
2025-08-18 16:37:33,175 - INFO - PubMed API: PMid: 40307761: Metadata Found.
2025-08-18 16:37:33,175 - INFO - PubMed API: PMid: 40307014: Metadata Found.
2025-08-18 16:37:33,175 - INFO - PubMed API: PMid: 40301768: Metadata Found.
2025-08-18 16:37:33,176 - INFO - PubMed API: PMid: 40301760: Metadata Found.
2025-08-18 16:37:33,176 - INFO - PubMed API: PMid: 40299767: Metadata Found.
2025-08-18 16:37:33,176 - INFO - PubMed API: PMid: 40296906: Metadata Found.
2025-08-18 16:37:33,177 - INFO - PubMed API: PMid: 40296904: Metadata Found.
2025-08-18 16:37:33,177 - INFO - PubMed API: PMid: 40296071: Metadata Found.
2025-08-18 16:37:33,177 - INFO - PubMed API: PMid: 40295944: Metadata Found.
2025-08-18 16:37:33,177 - INFO - PubMed API: PMid: 40295613: Metadata Found.
2025-08-18 16:37:33,178 - INFO - PubMed API: PMid: 40295027: Metadata Found.
2025-08-18 16:37:33,178 - INFO - PubMed API: PMid: 40295026: Metadata Found.
2025-08-18 16:37:33,178 - INFO - PubMed API: PMid: 40294936: Metadata Found.
2025-08-18 16:37:33,178 - INFO - PubMed API: PMid: 40294913: Metadata Found.
2025-08-18 16:37:33,178 - INFO - PubMed API: PMid: 40293953: Metadata Found.
2025-08-18 16:37:33,179 - INFO - PubMed API: PMid: 40293658: Metadata Found.
2025-08-18 16:37:33,179 - INFO - PubMed API: PMid: 40293495: Metadata Found.
2025-08-18 16:37:33,179 - INFO - PubMed API: PMid: 40292733: Metadata Found.
2025-08-18 16:37:33,190 - INFO - PubMed API: PMid: 40292221: Metadata Found.
2025-08-18 16:37:33,190 - INFO - PubMed API: PMid: 40292064: Metadata Found.
2025-08-18 16:37:33,191 - INFO - PubMed API: PMid: 40289740: Metadata Found.
2025-08-18 16:37:33,191 - INFO - PubMed API: PMid: 40287758: Metadata Found.
2025-08-18 16:37:33,191 - INFO - PubMed API: PMid: 40283006: Metadata Found.
2025-08-18 16:37:33,192 - INFO - PubMed API: PMid: 40281451: Metadata Found.
2025-08-18 16:37:33,192 - INFO - PubMed API: PMid: 40281132: Metadata Found.
2025-08-18 16:37:33,192 - INFO - PubMed API: PMid: 40281016: Metadata Found.
2025-08-18 16:37:33,193 - INFO - PubMed API: PMid: 40280928: Metadata Found.
2025-08-18 16:37:33,193 - INFO - PubMed API: PMid: 40280031: Metadata Found.
2025-08-18 16:37:33,193 - INFO - PubMed API: PMid: 40279682: Metadata Found.
2025-08-18 16:37:33,194 - INFO - PubMed API: PMid: 40279559: Metadata Found.
2025-08-18 16:37:33,194 - INFO - PubMed API: PMid: 40277923: Metadata Found.
2025-08-18 16:37:33,194 - INFO - PubMed API: PMid: 40277747: Metadata Found.
2025-08-18 16:37:33,194 - INFO - PubMed API: PMid: 40277163: Metadata Found.
2025-08-18 16:37:33,194 - INFO - PubMed API: PMid: 40276842: Metadata Found.
2025-08-18 16:37:33,195 - INFO - PubMed API: PMid: 40275469: Metadata Found.
2025-08-18 16:37:33,195 - INFO - PubMed API: PMid: 40275321: Metadata Found.
2025-08-18 16:37:33,195 - INFO - PubMed API: PMid: 40275296: Metadata Found.
2025-08-18 16:37:33,195 - INFO - PubMed API: PMid: 40275059: Metadata Found.
2025-08-18 16:37:33,195 - INFO - PubMed API: PMid: 40274948: Metadata Found.
2025-08-18 16:37:33,196 - INFO - PubMed API: PMid: 40274924: Metadata Found.
2025-08-18 16:37:33,201 - INFO - PubMed API: PMid: 40270362: Metadata Found.
2025-08-18 16:37:33,201 - INFO - PubMed API: PMid: 40265472: Metadata Found.
2025-08-18 16:37:33,202 - INFO - PubMed API: PMid: 40264761: Metadata Found.
2025-08-18 16:37:33,202 - INFO - PubMed API: PMid: 40264514: Metadata Found.
2025-08-18 16:37:33,203 - INFO - PubMed API: PMid: 40264112: Metadata Found.
2025-08-18 16:37:33,203 - INFO - PubMed API: PMid: 40263995: Metadata Found.
2025-08-18 16:37:33,203 - INFO - PubMed API: PMid: 40263929: Metadata Found.
2025-08-18 16:37:33,204 - INFO - PubMed API: PMid: 40259338: Metadata Found.
2025-08-18 16:37:33,204 - INFO - PubMed API: PMid: 40259290: Metadata Found.
2025-08-18 16:37:33,205 - INFO - PubMed API: PMid: 40255992: Metadata Found.
2025-08-18 16:37:33,205 - INFO - PubMed API: PMid: 40254092: Metadata Found.
2025-08-18 16:37:33,206 - INFO - PubMed API: PMid: 40253945: Metadata Found.
2025-08-18 16:37:33,206 - INFO - PubMed API: PMid: 40253055: Metadata Found.
2025-08-18 16:37:33,206 - INFO - PubMed API: PMid: 40251501: Metadata Found.
2025-08-18 16:37:33,206 - INFO - PubMed API: PMid: 40251493: Metadata Found.
2025-08-18 16:37:33,207 - INFO - PubMed API: PMid: 40251453: Metadata Found.
2025-08-18 16:37:33,207 - INFO - PubMed API: PMid: 40251309: Metadata Found.
2025-08-18 16:37:33,207 - INFO - PubMed API: PMid: 40251306: Metadata Found.
2025-08-18 16:37:33,208 - INFO - PubMed API: PMid: 40250508: Metadata Found.
2025-08-18 16:37:33,208 - INFO - PubMed API: PMid: 40250473: Metadata Found.
2025-08-18 16:37:33,208 - INFO - PubMed API: PMid: 40249300: Metadata Found.
2025-08-18 16:37:33,208 - INFO - PubMed API: PMid: 40249206: Metadata Found.
2025-08-18 16:37:33,209 - INFO - PubMed API: PMid: 40248379: Metadata Found.
2025-08-18 16:37:33,209 - INFO - PubMed API: PMid: 40247271: Metadata Found.
2025-08-18 16:37:33,209 - INFO - PubMed API: PMid: 40247049: Metadata Found.
2025-08-18 16:37:33,209 - INFO - PubMed API: PMid: 40246810: Metadata Found.
2025-08-18 16:37:33,209 - INFO - PubMed API: PMid: 40245183: Metadata Found.
2025-08-18 16:37:33,210 - INFO - PubMed API: PMid: 40245053: Metadata Found.
2025-08-18 16:37:33,210 - INFO - PubMed API: PMid: 40245012: Metadata Found.
2025-08-18 16:37:33,210 - INFO - PubMed API: PMid: 40244574: Metadata Found.
2025-08-18 16:37:33,210 - INFO - PubMed API: PMid: 40244164: Metadata Found.
2025-08-18 16:37:33,211 - INFO - PubMed API: PMid: 40244064: Metadata Found.
2025-08-18 16:37:33,211 - INFO - PubMed API: PMid: 40244005: Metadata Found.
2025-08-18 16:37:33,211 - INFO - PubMed API: PMid: 40241028: Metadata Found.
2025-08-18 16:37:33,212 - INFO - PubMed API: PMid: 40240996: Metadata Found.
2025-08-18 16:37:33,212 - INFO - PubMed API: PMid: 40240758: Metadata Found.
2025-08-18 16:37:33,212 - INFO - PubMed API: PMid: 40240417: Metadata Found.
2025-08-18 16:37:33,212 - INFO - PubMed API: PMid: 40240368: Metadata Found.
2025-08-18 16:37:33,213 - INFO - PubMed API: PMid: 40240063: Metadata Found.
2025-08-18 16:37:33,213 - INFO - PubMed API: PMid: 40239627: Metadata Found.
2025-08-18 16:37:33,213 - INFO - PubMed API: PMid: 40238812: Metadata Found.
2025-08-18 16:37:33,213 - INFO - PubMed API: PMid: 40237904: Metadata Found.
2025-08-18 16:37:33,214 - INFO - PubMed API: PMid: 40235057: Metadata Found.
2025-08-18 16:37:33,214 - INFO - PubMed API: PMid: 40234884: Metadata Found.
2025-08-18 16:37:33,214 - INFO - PubMed API: PMid: 40234641: Metadata Found.
2025-08-18 16:37:33,214 - INFO - PubMed API: PMid: 40231997: Metadata Found.
2025-08-18 16:37:33,215 - INFO - PubMed API: PMid: 40231067: Metadata Found.
2025-08-18 16:37:33,215 - INFO - PubMed API: PMid: 40230847: Metadata Found.
2025-08-18 16:37:33,216 - INFO - PubMed API: PMid: 40229800: Metadata Found.
2025-08-18 16:37:33,216 - INFO - PubMed API: PMid: 40229676: Metadata Found.
2025-08-18 16:37:33,217 - INFO - PubMed API: PMid: 40229548: Metadata Found.
2025-08-18 16:37:33,217 - INFO - PubMed API: PMid: 40228435: Metadata Found.
2025-08-18 16:37:33,217 - INFO - PubMed API: PMid: 40225933: Metadata Found.
2025-08-18 16:37:33,217 - INFO - PubMed API: PMid: 40225854: Metadata Found.
2025-08-18 16:37:33,217 - INFO - PubMed API: PMid: 40224213: Metadata Found.
2025-08-18 16:37:33,218 - INFO - PubMed API: PMid: 40223081: Metadata Found.
2025-08-18 16:37:33,218 - INFO - PubMed API: PMid: 40221735: Metadata Found.
2025-08-18 16:37:33,218 - INFO - PubMed API: PMid: 40221699: Metadata Found.
2025-08-18 16:37:33,219 - INFO - PubMed API: PMid: 40221689: Metadata Found.
2025-08-18 16:37:33,219 - INFO - PubMed API: PMid: 40221298: Metadata Found.
2025-08-18 16:37:33,219 - INFO - PubMed API: PMid: 40220876: Metadata Found.
2025-08-18 16:37:33,219 - INFO - PubMed API: PMid: 40220045: Metadata Found.
2025-08-18 16:37:33,219 - INFO - PubMed API: PMid: 40219804: Metadata Found.
2025-08-18 16:37:33,220 - INFO - PubMed API: PMid: 40217305: Metadata Found.
2025-08-18 16:37:33,220 - INFO - PubMed API: PMid: 40214825: Metadata Found.
2025-08-18 16:37:33,221 - INFO - PubMed API: PMid: 40214252: Metadata Found.
2025-08-18 16:37:33,221 - INFO - PubMed API: PMid: 40213543: Metadata Found.
2025-08-18 16:37:33,221 - INFO - PubMed API: PMid: 40209679: Metadata Found.
2025-08-18 16:37:33,221 - INFO - PubMed API: PMid: 40208307: Metadata Found.
2025-08-18 16:37:33,221 - INFO - PubMed API: PMid: 40208029: Metadata Found.
2025-08-18 16:37:33,222 - INFO - PubMed API: PMid: 40207224: Metadata Found.
2025-08-18 16:37:33,222 - INFO - PubMed API: PMid: 40207218: Metadata Found.
2025-08-18 16:37:33,222 - INFO - PubMed API: PMid: 40206492: Metadata Found.
2025-08-18 16:37:33,223 - INFO - PubMed API: PMid: 40205350: Metadata Found.
2025-08-18 16:37:33,223 - INFO - PubMed API: PMid: 40205072: Metadata Found.
2025-08-18 16:37:33,223 - INFO - PubMed API: PMid: 40203956: Metadata Found.
2025-08-18 16:37:33,223 - INFO - PubMed API: PMid: 40203812: Metadata Found.
2025-08-18 16:37:33,223 - INFO - PubMed API: PMid: 40202155: Metadata Found.
2025-08-18 16:37:33,224 - INFO - PubMed API: PMid: 40201179: Metadata Found.
2025-08-18 16:37:33,224 - INFO - PubMed API: PMid: 40200879: Metadata Found.
2025-08-18 16:37:33,225 - INFO - PubMed API: PMid: 40200878: Metadata Found.
2025-08-18 16:37:33,225 - INFO - PubMed API: PMid: 40200877: Metadata Found.
2025-08-18 16:37:33,225 - INFO - PubMed API: PMid: 40200873: Metadata Found.
2025-08-18 16:37:33,225 - INFO - PubMed API: PMid: 40200872: Metadata Found.
2025-08-18 16:37:33,225 - INFO - PubMed API: PMid: 40200871: Metadata Found.
2025-08-18 16:37:33,225 - INFO - PubMed API: PMid: 40200573: Metadata Found.
2025-08-18 16:37:33,226 - INFO - PubMed API: PMid: 40200187: Metadata Found.
2025-08-18 16:37:33,226 - INFO - PubMed API: PMid: 40200145: Metadata Found.
2025-08-18 16:37:33,226 - INFO - PubMed API: PMid: 40199600: Metadata Found.
2025-08-18 16:37:33,226 - INFO - PubMed API: PMid: 40198649: Metadata Found.
2025-08-18 16:37:33,226 - INFO - PubMed API: PMid: 40198404: Metadata Found.
2025-08-18 16:37:33,227 - INFO - PubMed API: PMid: 40196130: Metadata Found.
2025-08-18 16:37:33,227 - INFO - PubMed API: PMid: 40195786: Metadata Found.
2025-08-18 16:37:33,227 - INFO - PubMed API: PMid: 40193680: Metadata Found.
2025-08-18 16:37:33,227 - INFO - PubMed API: PMid: 40191191: Metadata Found.
2025-08-18 16:37:33,227 - INFO - PubMed API: PMid: 40190808: Metadata Found.
2025-08-18 16:37:33,228 - INFO - PubMed API: PMid: 40190805: Metadata Found.
2025-08-18 16:37:33,228 - INFO - PubMed API: PMid: 40189585: Metadata Found.
2025-08-18 16:37:33,228 - INFO - PubMed API: PMid: 40189014: Metadata Found.
2025-08-18 16:37:33,228 - INFO - PubMed API: PMid: 40188504: Metadata Found.
2025-08-18 16:37:33,228 - INFO - PubMed API: PMid: 40188022: Metadata Found.
2025-08-18 16:37:33,228 - INFO - PubMed API: PMid: 40187723: Metadata Found.
2025-08-18 16:37:33,229 - INFO - PubMed API: PMid: 40187712: Metadata Found.
2025-08-18 16:37:33,229 - INFO - PubMed API: PMid: 40187619: Metadata Found.
2025-08-18 16:37:33,229 - INFO - PubMed API: PMid: 40186852: Metadata Found.
2025-08-18 16:37:33,229 - INFO - PubMed API: PMid: 40185259: Metadata Found.
2025-08-18 16:37:33,229 - INFO - PubMed API: PMid: 40184134: Metadata Found.
2025-08-18 16:37:33,229 - INFO - PubMed API: PMid: 40184125: Metadata Found.
2025-08-18 16:37:33,230 - INFO - PubMed API: PMid: 40184004: Metadata Found.
2025-08-18 16:37:33,230 - INFO - PubMed API: PMid: 40183457: Metadata Found.
2025-08-18 16:37:33,230 - INFO - PubMed API: PMid: 40183387: Metadata Found.
2025-08-18 16:37:33,230 - INFO - PubMed API: PMid: 40182597: Metadata Found.
2025-08-18 16:37:33,231 - INFO - PubMed API: PMid: 40181988: Metadata Found.
2025-08-18 16:37:33,231 - INFO - PubMed API: PMid: 40181293: Metadata Found.
2025-08-18 16:37:33,231 - INFO - PubMed API: PMid: 40178733: Metadata Found.
2025-08-18 16:37:33,231 - INFO - PubMed API: PMid: 40178693: Metadata Found.
2025-08-18 16:37:33,231 - INFO - PubMed API: PMid: 40178066: Metadata Found.
2025-08-18 16:37:33,232 - INFO - PubMed API: PMid: 40176817: Metadata Found.
2025-08-18 16:37:33,232 - INFO - PubMed API: PMid: 40176097: Metadata Found.
2025-08-18 16:37:33,232 - INFO - PubMed API: PMid: 40175964: Metadata Found.
2025-08-18 16:37:33,232 - INFO - PubMed API: PMid: 40175902: Metadata Found.
2025-08-18 16:37:33,233 - INFO - PubMed API: PMid: 40175493: Metadata Found.
2025-08-18 16:37:33,233 - INFO - PubMed API: PMid: 40171874: Metadata Found.
2025-08-18 16:37:33,233 - INFO - PubMed API: PMid: 40170116: Metadata Found.
2025-08-18 16:37:33,233 - INFO - PubMed API: PMid: 40170052: Metadata Found.
2025-08-18 16:37:33,233 - INFO - PubMed API: PMid: 40169286: Metadata Found.
2025-08-18 16:37:33,234 - INFO - PubMed API: PMid: 40169243: Metadata Found.
2025-08-18 16:37:33,234 - INFO - PubMed API: PMid: 40168281: Metadata Found.
2025-08-18 16:37:33,234 - INFO - PubMed API: PMid: 40166901: Metadata Found.
2025-08-18 16:37:33,234 - INFO - PubMed API: PMid: 40165038: Metadata Found.
2025-08-18 16:37:33,234 - INFO - PubMed API: PMid: 40164709: Metadata Found.
2025-08-18 16:37:33,235 - INFO - PubMed API: PMid: 40163685: Metadata Found.
2025-08-18 16:37:33,235 - INFO - PubMed API: PMid: 40159977: Metadata Found.
2025-08-18 16:37:33,235 - INFO - PubMed API: PMid: 40159490: Metadata Found.
2025-08-18 16:37:33,235 - INFO - PubMed API: PMid: 40157906: Metadata Found.
2025-08-18 16:37:33,236 - INFO - PubMed API: PMid: 40157534: Metadata Found.
2025-08-18 16:37:33,236 - INFO - PubMed API: PMid: 40155861: Metadata Found.
2025-08-18 16:37:33,236 - INFO - PubMed API: PMid: 40155834: Metadata Found.
2025-08-18 16:37:33,236 - INFO - PubMed API: PMid: 40155473: Metadata Found.
2025-08-18 16:37:33,236 - INFO - PubMed API: PMid: 40155326: Metadata Found.
2025-08-18 16:37:33,237 - INFO - PubMed API: PMid: 40154914: Metadata Found.
2025-08-18 16:37:33,237 - INFO - PubMed API: PMid: 40153751: Metadata Found.
2025-08-18 16:37:33,238 - INFO - PubMed API: PMid: 40153063: Metadata Found.
2025-08-18 16:37:33,238 - INFO - PubMed API: PMid: 40152813: Metadata Found.
2025-08-18 16:37:33,239 - INFO - PubMed API: PMid: 40152313: Metadata Found.
2025-08-18 16:37:33,239 - INFO - PubMed API: PMid: 40149492: Metadata Found.
2025-08-18 16:37:33,239 - INFO - PubMed API: PMid: 40149431: Metadata Found.
2025-08-18 16:37:33,241 - INFO - PubMed API: PMid: 40148957: Metadata Found.
2025-08-18 16:37:33,241 - INFO - PubMed API: PMid: 40148708: Metadata Found.
2025-08-18 16:37:33,242 - INFO - PubMed API: PMid: 40146790: Metadata Found.
2025-08-18 16:37:33,242 - INFO - PubMed API: PMid: 40145254: Metadata Found.
2025-08-18 16:37:33,242 - INFO - PubMed API: PMid: 40141175: Metadata Found.
2025-08-18 16:37:33,243 - INFO - PubMed API: PMid: 40141097: Metadata Found.
2025-08-18 16:37:33,243 - INFO - PubMed API: PMid: 40140647: Metadata Found.
2025-08-18 16:37:33,244 - INFO - PubMed API: PMid: 40138921: Metadata Found.
2025-08-18 16:37:33,244 - INFO - PubMed API: PMid: 40138873: Metadata Found.
2025-08-18 16:37:33,244 - INFO - PubMed API: PMid: 40138292: Metadata Found.
2025-08-18 16:37:33,245 - INFO - PubMed API: PMid: 40135294: Metadata Found.
2025-08-18 16:37:33,245 - INFO - PubMed API: PMid: 40134018: Metadata Found.
2025-08-18 16:37:33,245 - INFO - PubMed API: PMid: 40133876: Metadata Found.
2025-08-18 16:37:33,245 - INFO - PubMed API: PMid: 40133832: Metadata Found.
2025-08-18 16:37:33,245 - INFO - PubMed API: PMid: 40133534: Metadata Found.
2025-08-18 16:37:33,246 - INFO - PubMed API: PMid: 40133270: Metadata Found.
2025-08-18 16:37:33,246 - INFO - PubMed API: PMid: 40131627: Metadata Found.
2025-08-18 16:37:33,246 - INFO - PubMed API: PMid: 40129974: Metadata Found.
2025-08-18 16:37:33,246 - INFO - PubMed API: PMid: 40128827: Metadata Found.
2025-08-18 16:37:33,247 - INFO - PubMed API: PMid: 40128818: Metadata Found.
2025-08-18 16:37:33,247 - INFO - PubMed API: PMid: 40128794: Metadata Found.
2025-08-18 16:37:33,247 - INFO - PubMed API: PMid: 40126094: Metadata Found.
2025-08-18 16:37:33,247 - INFO - PubMed API: PMid: 40126044: Metadata Found.
2025-08-18 16:37:33,248 - INFO - PubMed API: PMid: 40125430: Metadata Found.
2025-08-18 16:37:33,248 - INFO - PubMed API: PMid: 40124374: Metadata Found.
2025-08-18 16:37:33,248 - INFO - PubMed API: PMid: 40124267: Metadata Found.
2025-08-18 16:37:33,248 - INFO - PubMed API: PMid: 40124264: Metadata Found.
2025-08-18 16:37:33,248 - INFO - PubMed API: PMid: 40122243: Metadata Found.
2025-08-18 16:37:33,249 - INFO - PubMed API: PMid: 40122087: Metadata Found.
2025-08-18 16:37:33,249 - INFO - PubMed API: PMid: 40120539: Metadata Found.
2025-08-18 16:37:33,249 - INFO - PubMed API: PMid: 40119304: Metadata Found.
2025-08-18 16:37:33,249 - INFO - PubMed API: PMid: 40119277: Metadata Found.
2025-08-18 16:37:33,249 - INFO - PubMed API: PMid: 40117530: Metadata Found.
2025-08-18 16:37:33,249 - INFO - PubMed API: PMid: 40116901: Metadata Found.
2025-08-18 16:37:33,250 - INFO - PubMed API: PMid: 40113862: Metadata Found.
2025-08-18 16:37:33,250 - INFO - PubMed API: PMid: 40113752: Metadata Found.
2025-08-18 16:37:33,250 - INFO - PubMed API: PMid: 40112817: Metadata Found.
2025-08-18 16:37:33,250 - INFO - PubMed API: PMid: 40111484: Metadata Found.
2025-08-18 16:37:33,250 - INFO - PubMed API: PMid: 40109216: Metadata Found.
2025-08-18 16:37:33,251 - INFO - PubMed API: PMid: 40108691: Metadata Found.
2025-08-18 16:37:33,251 - INFO - PubMed API: PMid: 40108688: Metadata Found.
2025-08-18 16:37:33,251 - INFO - PubMed API: PMid: 40108607: Metadata Found.
2025-08-18 16:37:33,251 - INFO - PubMed API: PMid: 40108450: Metadata Found.
2025-08-18 16:37:33,252 - INFO - PubMed API: PMid: 40108276: Metadata Found.
2025-08-18 16:37:33,252 - INFO - PubMed API: PMid: 40108260: Metadata Found.
2025-08-18 16:37:33,252 - INFO - PubMed API: PMid: 40106892: Metadata Found.
2025-08-18 16:37:33,252 - INFO - PubMed API: PMid: 40105370: Metadata Found.
2025-08-18 16:37:33,252 - INFO - PubMed API: PMid: 40102930: Metadata Found.
2025-08-18 16:37:33,252 - INFO - PubMed API: PMid: 40102553: Metadata Found.
2025-08-18 16:37:33,253 - INFO - PubMed API: PMid: 40102295: Metadata Found.
2025-08-18 16:37:33,253 - INFO - PubMed API: PMid: 40102027: Metadata Found.
2025-08-18 16:37:33,253 - INFO - PubMed API: PMid: 40101049: Metadata Found.
2025-08-18 16:37:33,254 - INFO - PubMed API: PMid: 40100100: Metadata Found.
2025-08-18 16:37:33,254 - INFO - PubMed API: PMid: 40098971: Metadata Found.
2025-08-18 16:37:33,254 - INFO - PubMed API: PMid: 40098960: Metadata Found.
2025-08-18 16:37:33,254 - INFO - PubMed API: PMid: 40097940: Metadata Found.
2025-08-18 16:37:33,255 - INFO - PubMed API: PMid: 40097779: Metadata Found.
2025-08-18 16:37:33,255 - INFO - PubMed API: PMid: 40097530: Metadata Found.
2025-08-18 16:37:33,255 - INFO - PubMed API: PMid: 40097330: Metadata Found.
2025-08-18 16:37:33,255 - INFO - PubMed API: PMid: 40095756: Metadata Found.
2025-08-18 16:37:33,256 - INFO - PubMed API: PMid: 40093675: Metadata Found.
2025-08-18 16:37:33,256 - INFO - PubMed API: PMid: 40091795: Metadata Found.
2025-08-18 16:37:33,256 - INFO - PubMed API: PMid: 40091197: Metadata Found.
2025-08-18 16:37:33,256 - INFO - PubMed API: PMid: 40091086: Metadata Found.
2025-08-18 16:37:33,256 - INFO - PubMed API: PMid: 40088083: Metadata Found.
2025-08-18 16:37:33,256 - INFO - PubMed API: PMid: 40087750: Metadata Found.
2025-08-18 16:37:33,257 - INFO - PubMed API: PMid: 40087618: Metadata Found.
2025-08-18 16:37:33,257 - INFO - PubMed API: PMid: 40087572: Metadata Found.
2025-08-18 16:37:33,257 - INFO - PubMed API: PMid: 40086509: Metadata Found.
2025-08-18 16:37:33,257 - INFO - PubMed API: PMid: 40085270: Metadata Found.
2025-08-18 16:37:33,257 - INFO - PubMed API: PMid: 40084401: Metadata Found.
2025-08-18 16:37:33,257 - INFO - PubMed API: PMid: 40083701: Metadata Found.
2025-08-18 16:37:33,258 - INFO - PubMed API: PMid: 40082986: Metadata Found.
2025-08-18 16:37:33,258 - INFO - PubMed API: PMid: 40082850: Metadata Found.
2025-08-18 16:37:33,258 - INFO - PubMed API: PMid: 40082583: Metadata Found.
2025-08-18 16:37:33,258 - INFO - PubMed API: PMid: 40082480: Metadata Found.
2025-08-18 16:37:33,258 - INFO - PubMed API: PMid: 40082418: Metadata Found.
2025-08-18 16:37:33,259 - INFO - PubMed API: PMid: 40082221: Metadata Found.
2025-08-18 16:37:33,259 - INFO - PubMed API: PMid: 40081945: Metadata Found.
2025-08-18 16:37:33,259 - INFO - PubMed API: PMid: 40081683: Metadata Found.
2025-08-18 16:37:33,259 - INFO - PubMed API: PMid: 40080470: Metadata Found.
2025-08-18 16:37:33,259 - INFO - PubMed API: PMid: 40080109: Metadata Found.
2025-08-18 16:37:33,259 - INFO - PubMed API: PMid: 40076759: Metadata Found.
2025-08-18 16:37:33,260 - INFO - PubMed API: PMid: 40076652: Metadata Found.
2025-08-18 16:37:33,260 - INFO - PubMed API: PMid: 40076516: Metadata Found.
2025-08-18 16:37:33,260 - INFO - PubMed API: PMid: 40076512: Metadata Found.
2025-08-18 16:37:33,260 - INFO - PubMed API: PMid: 40075494: Metadata Found.
2025-08-18 16:37:33,260 - INFO - PubMed API: PMid: 40075460: Metadata Found.
2025-08-18 16:37:33,261 - INFO - PubMed API: PMid: 40075071: Metadata Found.
2025-08-18 16:37:33,261 - INFO - PubMed API: PMid: 40075025: Metadata Found.
2025-08-18 16:37:33,261 - INFO - PubMed API: PMid: 40074844: Metadata Found.
2025-08-18 16:37:33,261 - INFO - PubMed API: PMid: 40074793: Metadata Found.
2025-08-18 16:37:33,261 - INFO - PubMed API: PMid: 40072648: Metadata Found.
2025-08-18 16:37:33,262 - INFO - PubMed API: PMid: 40070819: Metadata Found.
2025-08-18 16:37:33,262 - INFO - PubMed API: PMid: 40070026: Metadata Found.
2025-08-18 16:37:33,262 - INFO - PubMed API: PMid: 40069867: Metadata Found.
2025-08-18 16:37:33,262 - INFO - PubMed API: PMid: 40069783: Metadata Found.
2025-08-18 16:37:33,262 - INFO - PubMed API: PMid: 40069485: Metadata Found.
2025-08-18 16:37:33,262 - INFO - PubMed API: PMid: 40069421: Metadata Found.
2025-08-18 16:37:33,263 - INFO - PubMed API: PMid: 40065071: Metadata Found.
2025-08-18 16:37:33,263 - INFO - PubMed API: PMid: 40062861: Metadata Found.
2025-08-18 16:37:33,263 - INFO - PubMed API: PMid: 40062330: Metadata Found.
2025-08-18 16:37:33,263 - INFO - PubMed API: PMid: 40060379: Metadata Found.
2025-08-18 16:37:33,263 - INFO - PubMed API: PMid: 40059806: Metadata Found.
2025-08-18 16:37:33,264 - INFO - PubMed API: PMid: 40059332: Metadata Found.
2025-08-18 16:37:33,264 - INFO - PubMed API: PMid: 40059116: Metadata Found.
2025-08-18 16:37:33,264 - INFO - PubMed API: PMid: 40055945: Metadata Found.
2025-08-18 16:37:33,264 - INFO - PubMed API: PMid: 40055779: Metadata Found.
2025-08-18 16:37:33,264 - INFO - PubMed API: PMid: 40055521: Metadata Found.
2025-08-18 16:37:33,264 - INFO - PubMed API: PMid: 40054524: Metadata Found.
2025-08-18 16:37:33,265 - INFO - PubMed API: PMid: 40054066: Metadata Found.
2025-08-18 16:37:33,265 - INFO - PubMed API: PMid: 40053469: Metadata Found.
2025-08-18 16:37:33,265 - INFO - PubMed API: PMid: 40052982: Metadata Found.
2025-08-18 16:37:33,265 - INFO - PubMed API: PMid: 40052666: Metadata Found.
2025-08-18 16:37:33,265 - INFO - PubMed API: PMid: 40052573: Metadata Found.
2025-08-18 16:37:33,266 - INFO - PubMed API: PMid: 40051638: Metadata Found.
2025-08-18 16:37:33,266 - INFO - PubMed API: PMid: 40050892: Metadata Found.
2025-08-18 16:37:33,266 - INFO - PubMed API: PMid: 40050760: Metadata Found.
2025-08-18 16:37:33,266 - INFO - PubMed API: PMid: 40050656: Metadata Found.
2025-08-18 16:37:33,266 - INFO - PubMed API: PMid: 40049796: Metadata Found.
2025-08-18 16:37:33,267 - INFO - PubMed API: PMid: 40045374: Metadata Found.
2025-08-18 16:37:33,267 - INFO - PubMed API: PMid: 40045265: Metadata Found.
2025-08-18 16:37:33,267 - INFO - PubMed API: PMid: 40044982: Metadata Found.
2025-08-18 16:37:33,267 - INFO - PubMed API: PMid: 40044828: Metadata Found.
2025-08-18 16:37:33,267 - INFO - PubMed API: PMid: 40041144: Metadata Found.
2025-08-18 16:37:33,268 - INFO - PubMed API: PMid: 40040691: Metadata Found.
2025-08-18 16:37:33,268 - INFO - PubMed API: PMid: 40040540: Metadata Found.
2025-08-18 16:37:33,268 - INFO - PubMed API: PMid: 40038297: Metadata Found.
2025-08-18 16:37:33,268 - INFO - PubMed API: PMid: 40038288: Metadata Found.
2025-08-18 16:37:33,269 - INFO - PubMed API: PMid: 40036904: Metadata Found.
2025-08-18 16:37:33,269 - INFO - PubMed API: PMid: 40036772: Metadata Found.
2025-08-18 16:37:33,269 - INFO - PubMed API: PMid: 40033337: Metadata Found.
2025-08-18 16:37:33,269 - INFO - PubMed API: PMid: 40033163: Metadata Found.
2025-08-18 16:37:33,269 - INFO - PubMed API: PMid: 40032943: Metadata Found.
2025-08-18 16:37:33,270 - INFO - PubMed API: PMid: 40032765: Metadata Found.
2025-08-18 16:37:33,270 - INFO - PubMed API: PMid: 40032744: Metadata Found.
2025-08-18 16:37:33,270 - INFO - PubMed API: PMid: 40032602: Metadata Found.
2025-08-18 16:37:33,270 - INFO - PubMed API: PMid: 40031966: Metadata Found.
2025-08-18 16:37:33,270 - INFO - PubMed API: PMid: 40028336: Metadata Found.
2025-08-18 16:37:33,271 - INFO - PubMed API: PMid: 40028325: Metadata Found.
2025-08-18 16:37:33,271 - INFO - PubMed API: PMid: 40028213: Metadata Found.
2025-08-18 16:37:33,271 - INFO - PubMed API: PMid: 40025394: Metadata Found.
2025-08-18 16:37:33,271 - INFO - PubMed API: PMid: 40024947: Metadata Found.
2025-08-18 16:37:33,271 - INFO - PubMed API: PMid: 40024686: Metadata Found.
2025-08-18 16:37:33,271 - INFO - PubMed API: PMid: 40022087: Metadata Found.
2025-08-18 16:37:33,271 - INFO - PubMed API: PMid: 40022084: Metadata Found.
2025-08-18 16:37:33,271 - INFO - PubMed API: PMid: 40022037: Metadata Found.
2025-08-18 16:37:33,271 - INFO - PubMed API: PMid: 40021960: Metadata Found.
2025-08-18 16:37:33,272 - INFO - PubMed API: PMid: 40021041: Metadata Found.
2025-08-18 16:37:33,272 - INFO - PubMed API: PMid: 40020126: Metadata Found.
2025-08-18 16:37:33,272 - INFO - PubMed API: PMid: 40019893: Metadata Found.
2025-08-18 16:37:33,272 - INFO - PubMed API: PMid: 40019387: Metadata Found.
2025-08-18 16:37:33,272 - INFO - PubMed API: PMid: 40018041: Metadata Found.
2025-08-18 16:37:33,272 - INFO - PubMed API: PMid: 40016834: Metadata Found.
2025-08-18 16:37:33,272 - INFO - PubMed API: PMid: 40016755: Metadata Found.
2025-08-18 16:37:33,272 - INFO - PubMed API: PMid: 40016662: Metadata Found.
2025-08-18 16:37:33,272 - INFO - PubMed API: PMid: 40013144: Metadata Found.
2025-08-18 16:37:33,272 - INFO - PubMed API: PMid: 40013139: Metadata Found.
2025-08-18 16:37:33,272 - INFO - PubMed API: PMid: 40012155: Metadata Found.
2025-08-18 16:37:33,273 - INFO - PubMed API: PMid: 40012042: Metadata Found.
2025-08-18 16:37:33,273 - INFO - PubMed API: PMid: 40011552: Metadata Found.
2025-08-18 16:37:33,273 - INFO - PubMed API: PMid: 40011208: Metadata Found.
2025-08-18 16:37:33,273 - INFO - PubMed API: PMid: 40010992: Metadata Found.
2025-08-18 16:37:33,273 - INFO - PubMed API: PMid: 40010980: Metadata Found.
2025-08-18 16:37:33,273 - INFO - PubMed API: PMid: 40010947: Metadata Found.
2025-08-18 16:37:33,273 - INFO - PubMed API: PMid: 40010724: Metadata Found.
2025-08-18 16:37:33,273 - INFO - PubMed API: PMid: 40009919: Metadata Found.
2025-08-18 16:37:33,273 - INFO - PubMed API: PMid: 40005326: Metadata Found.
2025-08-18 16:37:33,273 - INFO - PubMed API: PMid: 40005288: Metadata Found.
2025-08-18 16:37:33,273 - INFO - PubMed API: PMid: 40005208: Metadata Found.
2025-08-18 16:37:33,273 - INFO - PubMed API: PMid: 40004490: Metadata Found.
2025-08-18 16:37:33,273 - INFO - PubMed API: PMid: 40004022: Metadata Found.
2025-08-18 16:37:33,274 - INFO - PubMed API: PMid: 40001053: Metadata Found.
2025-08-18 16:37:33,274 - INFO - PubMed API: PMid: 40000950: Metadata Found.
2025-08-18 16:37:33,274 - INFO - PubMed API: PMid: 39998905: Metadata Found.
2025-08-18 16:37:33,274 - INFO - PubMed API: PMid: 39998882: Metadata Found.
2025-08-18 16:37:33,274 - INFO - PubMed API: PMid: 39998563: Metadata Found.
2025-08-18 16:37:33,274 - INFO - PubMed API: PMid: 39996912: Metadata Found.
2025-08-18 16:37:33,274 - INFO - PubMed API: PMid: 39994739: Metadata Found.
2025-08-18 16:37:33,274 - INFO - PubMed API: PMid: 39992708: Metadata Found.
2025-08-18 16:37:33,274 - INFO - PubMed API: PMid: 39990666: Metadata Found.
2025-08-18 16:37:33,275 - INFO - PubMed API: PMid: 39990211: Metadata Found.
2025-08-18 16:37:33,275 - INFO - PubMed API: PMid: 39988680: Metadata Found.
2025-08-18 16:37:33,276 - INFO - PubMed API: PMid: 39987135: Metadata Found.
2025-08-18 16:37:33,276 - INFO - PubMed API: PMid: 39985269: Metadata Found.
2025-08-18 16:37:33,276 - INFO - PubMed API: PMid: 39984992: Metadata Found.
2025-08-18 16:37:33,276 - INFO - PubMed API: PMid: 39984410: Metadata Found.
2025-08-18 16:37:33,276 - INFO - PubMed API: PMid: 39982024: Metadata Found.
2025-08-18 16:37:33,277 - INFO - PubMed API: PMid: 39981936: Metadata Found.
2025-08-18 16:37:33,277 - INFO - PubMed API: PMid: 39981252: Metadata Found.
2025-08-18 16:37:33,277 - INFO - PubMed API: PMid: 39981141: Metadata Found.
2025-08-18 16:37:33,277 - INFO - PubMed API: PMid: 39980125: Metadata Found.
2025-08-18 16:37:33,278 - INFO - PubMed API: PMid: 39979355: Metadata Found.
2025-08-18 16:37:33,278 - INFO - PubMed API: PMid: 39973553: Metadata Found.
2025-08-18 16:37:33,278 - INFO - PubMed API: PMid: 39971899: Metadata Found.
2025-08-18 16:37:33,278 - INFO - PubMed API: PMid: 39971854: Metadata Found.
2025-08-18 16:37:33,279 - INFO - PubMed API: PMid: 39971598: Metadata Found.
2025-08-18 16:37:33,279 - INFO - PubMed API: PMid: 39971302: Metadata Found.
2025-08-18 16:37:33,279 - INFO - PubMed API: PMid: 39967665: Metadata Found.
2025-08-18 16:37:33,279 - INFO - PubMed API: PMid: 39967656: Metadata Found.
2025-08-18 16:37:33,280 - INFO - PubMed API: PMid: 39966827: Metadata Found.
2025-08-18 16:37:33,280 - INFO - PubMed API: PMid: 39966377: Metadata Found.
2025-08-18 16:37:33,280 - INFO - PubMed API: PMid: 39965707: Metadata Found.
2025-08-18 16:37:33,280 - INFO - PubMed API: PMid: 39962178: Metadata Found.
2025-08-18 16:37:33,280 - INFO - PubMed API: PMid: 39961991: Metadata Found.
2025-08-18 16:37:33,281 - INFO - PubMed API: PMid: 39961962: Metadata Found.
2025-08-18 16:37:33,281 - INFO - PubMed API: PMid: 39960953: Metadata Found.
2025-08-18 16:37:33,281 - INFO - PubMed API: PMid: 39960923: Metadata Found.
2025-08-18 16:37:33,281 - INFO - PubMed API: PMid: 39960919: Metadata Found.
2025-08-18 16:37:33,281 - INFO - PubMed API: PMid: 39960895: Metadata Found.
2025-08-18 16:37:33,282 - INFO - PubMed API: PMid: 39960839: Metadata Found.
2025-08-18 16:37:33,282 - INFO - PubMed API: PMid: 39960699: Metadata Found.
2025-08-18 16:37:33,282 - INFO - PubMed API: PMid: 39955562: Metadata Found.
2025-08-18 16:37:33,282 - INFO - PubMed API: PMid: 39953522: Metadata Found.
2025-08-18 16:37:33,282 - INFO - PubMed API: PMid: 39953409: Metadata Found.
2025-08-18 16:37:33,282 - INFO - PubMed API: PMid: 39953078: Metadata Found.
2025-08-18 16:37:33,283 - INFO - PubMed API: PMid: 39950944: Metadata Found.
2025-08-18 16:37:33,283 - INFO - PubMed API: PMid: 39950266: Metadata Found.
2025-08-18 16:37:33,283 - INFO - PubMed API: PMid: 39949777: Metadata Found.
2025-08-18 16:37:33,283 - INFO - PubMed API: PMid: 39948597: Metadata Found.
2025-08-18 16:37:33,284 - INFO - PubMed API: PMid: 39948541: Metadata Found.
2025-08-18 16:37:33,284 - INFO - PubMed API: PMid: 39947926: Metadata Found.
2025-08-18 16:37:33,284 - INFO - PubMed API: PMid: 39946577: Metadata Found.
2025-08-18 16:37:33,284 - INFO - PubMed API: PMid: 39945192: Metadata Found.
2025-08-18 16:37:33,284 - INFO - PubMed API: PMid: 39940924: Metadata Found.
2025-08-18 16:37:33,285 - INFO - PubMed API: PMid: 39940858: Metadata Found.
2025-08-18 16:37:33,285 - INFO - PubMed API: PMid: 39940857: Metadata Found.
2025-08-18 16:37:33,285 - INFO - PubMed API: PMid: 39940056: Metadata Found.
2025-08-18 16:37:33,285 - INFO - PubMed API: PMid: 39939808: Metadata Found.
2025-08-18 16:37:33,285 - INFO - PubMed API: PMid: 39939466: Metadata Found.
2025-08-18 16:37:33,286 - INFO - PubMed API: PMid: 39938963: Metadata Found.
2025-08-18 16:37:33,286 - INFO - PubMed API: PMid: 39938334: Metadata Found.
2025-08-18 16:37:33,286 - INFO - PubMed API: PMid: 39936971: Metadata Found.
2025-08-18 16:37:33,286 - INFO - PubMed API: PMid: 39934861: Metadata Found.
2025-08-18 16:37:33,286 - INFO - PubMed API: PMid: 39934772: Metadata Found.
2025-08-18 16:37:33,287 - INFO - PubMed API: PMid: 39934685: Metadata Found.
2025-08-18 16:37:33,287 - INFO - PubMed API: PMid: 39933597: Metadata Found.
2025-08-18 16:37:33,287 - INFO - PubMed API: PMid: 39933210: Metadata Found.
2025-08-18 16:37:33,287 - INFO - PubMed API: PMid: 39931056: Metadata Found.
2025-08-18 16:37:33,287 - INFO - PubMed API: PMid: 39931054: Metadata Found.
2025-08-18 16:37:33,288 - INFO - PubMed API: PMid: 39930487: Metadata Found.
2025-08-18 16:37:33,288 - INFO - PubMed API: PMid: 39930467: Metadata Found.
2025-08-18 16:37:33,288 - INFO - PubMed API: PMid: 39930340: Metadata Found.
2025-08-18 16:37:33,288 - INFO - PubMed API: PMid: 39929961: Metadata Found.
2025-08-18 16:37:33,288 - INFO - PubMed API: PMid: 39928247: Metadata Found.
2025-08-18 16:37:33,289 - INFO - PubMed API: PMid: 39926600: Metadata Found.
2025-08-18 16:37:33,289 - INFO - PubMed API: PMid: 39926212: Metadata Found.
2025-08-18 16:37:33,289 - INFO - PubMed API: PMid: 39925803: Metadata Found.
2025-08-18 16:37:33,289 - INFO - PubMed API: PMid: 39924917: Metadata Found.
2025-08-18 16:37:33,289 - INFO - PubMed API: PMid: 39924057: Metadata Found.
2025-08-18 16:37:33,290 - INFO - PubMed API: PMid: 39923010: Metadata Found.
2025-08-18 16:37:33,290 - INFO - PubMed API: PMid: 39922338: Metadata Found.
2025-08-18 16:37:33,290 - INFO - PubMed API: PMid: 39920636: Metadata Found.
2025-08-18 16:37:33,290 - INFO - PubMed API: PMid: 39919335: Metadata Found.
2025-08-18 16:37:33,290 - INFO - PubMed API: PMid: 39919334: Metadata Found.
2025-08-18 16:37:33,291 - INFO - PubMed API: PMid: 39918687: Metadata Found.
2025-08-18 16:37:33,291 - INFO - PubMed API: PMid: 39917999: Metadata Found.
2025-08-18 16:37:33,291 - INFO - PubMed API: PMid: 39915880: Metadata Found.
2025-08-18 16:37:33,291 - INFO - PubMed API: PMid: 39915853: Metadata Found.
2025-08-18 16:37:33,291 - INFO - PubMed API: PMid: 39915770: Metadata Found.
2025-08-18 16:37:33,292 - INFO - PubMed API: PMid: 39915459: Metadata Found.
2025-08-18 16:37:33,292 - INFO - PubMed API: PMid: 39915015: Metadata Found.
2025-08-18 16:37:33,292 - INFO - PubMed API: PMid: 39912426: Metadata Found.
2025-08-18 16:37:33,292 - INFO - PubMed API: PMid: 39910897: Metadata Found.
2025-08-18 16:37:33,292 - INFO - PubMed API: PMid: 39910129: Metadata Found.
2025-08-18 16:37:33,293 - INFO - PubMed API: PMid: 39910052: Metadata Found.
2025-08-18 16:37:33,293 - INFO - PubMed API: PMid: 39908861: Metadata Found.
2025-08-18 16:37:33,293 - INFO - PubMed API: PMid: 39906738: Metadata Found.
2025-08-18 16:37:33,293 - INFO - PubMed API: PMid: 39905493: Metadata Found.
2025-08-18 16:37:33,293 - INFO - PubMed API: PMid: 39905492: Metadata Found.
2025-08-18 16:37:33,293 - INFO - PubMed API: PMid: 39905373: Metadata Found.
2025-08-18 16:37:33,294 - INFO - PubMed API: PMid: 39905364: Metadata Found.
2025-08-18 16:37:33,294 - INFO - PubMed API: PMid: 39905263: Metadata Found.
2025-08-18 16:37:33,294 - INFO - PubMed API: PMid: 39904894: Metadata Found.
2025-08-18 16:37:33,294 - INFO - PubMed API: PMid: 39901705: Metadata Found.
2025-08-18 16:37:33,294 - INFO - PubMed API: PMid: 39901302: Metadata Found.
2025-08-18 16:37:33,294 - INFO - PubMed API: PMid: 39901202: Metadata Found.
2025-08-18 16:37:33,295 - INFO - PubMed API: PMid: 39894712: Metadata Found.
2025-08-18 16:37:33,295 - INFO - PubMed API: PMid: 39894565: Metadata Found.
2025-08-18 16:37:33,295 - INFO - PubMed API: PMid: 39893482: Metadata Found.
2025-08-18 16:37:33,295 - INFO - PubMed API: PMid: 39892055: Metadata Found.
2025-08-18 16:37:33,295 - INFO - PubMed API: PMid: 39891785: Metadata Found.
2025-08-18 16:37:33,296 - INFO - PubMed API: PMid: 39885591: Metadata Found.
2025-08-18 16:37:33,296 - INFO - PubMed API: PMid: 39885324: Metadata Found.
2025-08-18 16:37:33,296 - INFO - PubMed API: PMid: 39885251: Metadata Found.
2025-08-18 16:37:33,296 - INFO - PubMed API: PMid: 39884983: Metadata Found.
2025-08-18 16:37:33,296 - INFO - PubMed API: PMid: 39884449: Metadata Found.
2025-08-18 16:37:33,296 - INFO - PubMed API: PMid: 39881131: Metadata Found.
2025-08-18 16:37:33,296 - INFO - PubMed API: PMid: 39880067: Metadata Found.
2025-08-18 16:37:33,297 - INFO - PubMed API: PMid: 39879512: Metadata Found.
2025-08-18 16:37:33,297 - INFO - PubMed API: PMid: 39877710: Metadata Found.
2025-08-18 16:37:33,298 - INFO - PubMed API: PMid: 39875999: Metadata Found.
2025-08-18 16:37:33,298 - INFO - PubMed API: PMid: 39875915: Metadata Found.
2025-08-18 16:37:33,298 - INFO - PubMed API: PMid: 39875526: Metadata Found.
2025-08-18 16:37:33,298 - INFO - PubMed API: PMid: 39875498: Metadata Found.
2025-08-18 16:37:33,298 - INFO - PubMed API: PMid: 39875456: Metadata Found.
2025-08-18 16:37:33,299 - INFO - PubMed API: PMid: 39875210: Metadata Found.
2025-08-18 16:37:33,299 - INFO - PubMed API: PMid: 39874306: Metadata Found.
2025-08-18 16:37:33,299 - INFO - PubMed API: PMid: 39873948: Metadata Found.
2025-08-18 16:37:33,299 - INFO - PubMed API: PMid: 39871345: Metadata Found.
2025-08-18 16:37:33,299 - INFO - PubMed API: PMid: 39871340: Metadata Found.
2025-08-18 16:37:33,300 - INFO - PubMed API: PMid: 39871229: Metadata Found.
2025-08-18 16:37:33,300 - INFO - PubMed API: PMid: 39870588: Metadata Found.
2025-08-18 16:37:33,300 - INFO - PubMed API: PMid: 39870503: Metadata Found.
2025-08-18 16:37:33,300 - INFO - PubMed API: PMid: 39870196: Metadata Found.
2025-08-18 16:37:33,300 - INFO - PubMed API: PMid: 39869353: Metadata Found.
2025-08-18 16:37:33,300 - INFO - PubMed API: PMid: 39866240: Metadata Found.
2025-08-18 16:37:33,301 - INFO - PubMed API: PMid: 39866237: Metadata Found.
2025-08-18 16:37:33,301 - INFO - PubMed API: PMid: 39866224: Metadata Found.
2025-08-18 16:37:33,301 - INFO - PubMed API: PMid: 39865979: Metadata Found.
2025-08-18 16:37:33,301 - INFO - PubMed API: PMid: 39865119: Metadata Found.
2025-08-18 16:37:33,302 - INFO - PubMed API: PMid: 39864337: Metadata Found.
2025-08-18 16:37:33,302 - INFO - PubMed API: PMid: 39863844: Metadata Found.
2025-08-18 16:37:33,302 - INFO - PubMed API: PMid: 39863722: Metadata Found.
2025-08-18 16:37:33,302 - INFO - PubMed API: PMid: 39862296: Metadata Found.
2025-08-18 16:37:33,302 - INFO - PubMed API: PMid: 39859541: Metadata Found.
2025-08-18 16:37:33,302 - INFO - PubMed API: PMid: 39858398: Metadata Found.
2025-08-18 16:37:33,303 - INFO - PubMed API: PMid: 39856764: Metadata Found.
2025-08-18 16:37:33,303 - INFO - PubMed API: PMid: 39856614: Metadata Found.
2025-08-18 16:37:33,303 - INFO - PubMed API: PMid: 39856598: Metadata Found.
2025-08-18 16:37:33,303 - INFO - PubMed API: PMid: 39856546: Metadata Found.
2025-08-18 16:37:33,303 - INFO - PubMed API: PMid: 39855898: Metadata Found.
2025-08-18 16:37:33,304 - INFO - PubMed API: PMid: 39854659: Metadata Found.
2025-08-18 16:37:33,304 - INFO - PubMed API: PMid: 39854135: Metadata Found.
2025-08-18 16:37:33,304 - INFO - PubMed API: PMid: 39850884: Metadata Found.
2025-08-18 16:37:33,304 - INFO - PubMed API: PMid: 39850877: Metadata Found.
2025-08-18 16:37:33,304 - INFO - PubMed API: PMid: 39849807: Metadata Found.
2025-08-18 16:37:33,305 - INFO - PubMed API: PMid: 39849657: Metadata Found.
2025-08-18 16:37:33,305 - INFO - PubMed API: PMid: 39849586: Metadata Found.
2025-08-18 16:37:33,305 - INFO - PubMed API: PMid: 39849396: Metadata Found.
2025-08-18 16:37:33,305 - INFO - PubMed API: PMid: 39847282: Metadata Found.
2025-08-18 16:37:33,305 - INFO - PubMed API: PMid: 39846982: Metadata Found.
2025-08-18 16:37:33,306 - INFO - PubMed API: PMid: 39845967: Metadata Found.
2025-08-18 16:37:33,306 - INFO - PubMed API: PMid: 39845944: Metadata Found.
2025-08-18 16:37:33,306 - INFO - PubMed API: PMid: 39843914: Metadata Found.
2025-08-18 16:37:33,306 - INFO - PubMed API: PMid: 39843474: Metadata Found.
2025-08-18 16:37:33,307 - INFO - PubMed API: PMid: 39841955: Metadata Found.
2025-08-18 16:37:33,307 - INFO - PubMed API: PMid: 39840863: Metadata Found.
2025-08-18 16:37:33,307 - INFO - PubMed API: PMid: 39840050: Metadata Found.
2025-08-18 16:37:33,307 - INFO - PubMed API: PMid: 39839455: Metadata Found.
2025-08-18 16:37:33,308 - INFO - PubMed API: PMid: 39839262: Metadata Found.
2025-08-18 16:37:33,308 - INFO - PubMed API: PMid: 39838173: Metadata Found.
2025-08-18 16:37:33,308 - INFO - PubMed API: PMid: 39837814: Metadata Found.
2025-08-18 16:37:33,308 - INFO - PubMed API: PMid: 39835710: Metadata Found.
2025-08-18 16:37:33,308 - INFO - PubMed API: PMid: 39835447: Metadata Found.
2025-08-18 16:37:33,308 - INFO - PubMed API: PMid: 39833908: Metadata Found.
2025-08-18 16:37:33,309 - INFO - PubMed API: PMid: 39833825: Metadata Found.
2025-08-18 16:37:33,309 - INFO - PubMed API: PMid: 39833319: Metadata Found.
2025-08-18 16:37:33,309 - INFO - PubMed API: PMid: 39833289: Metadata Found.
2025-08-18 16:37:33,309 - INFO - PubMed API: PMid: 39832331: Metadata Found.
2025-08-18 16:37:33,309 - INFO - PubMed API: PMid: 39827855: Metadata Found.
2025-08-18 16:37:33,310 - INFO - PubMed API: PMid: 39827331: Metadata Found.
2025-08-18 16:37:33,310 - INFO - PubMed API: PMid: 39827154: Metadata Found.
2025-08-18 16:37:33,310 - INFO - PubMed API: PMid: 39825061: Metadata Found.
2025-08-18 16:37:33,310 - INFO - PubMed API: PMid: 39824841: Metadata Found.
2025-08-18 16:37:33,310 - INFO - PubMed API: PMid: 39823250: Metadata Found.
2025-08-18 16:37:33,310 - INFO - PubMed API: PMid: 39823128: Metadata Found.
2025-08-18 16:37:33,311 - INFO - PubMed API: PMid: 39822176: Metadata Found.
2025-08-18 16:37:33,311 - INFO - PubMed API: PMid: 39822175: Metadata Found.
2025-08-18 16:37:33,311 - INFO - PubMed API: PMid: 39822174: Metadata Found.
2025-08-18 16:37:33,311 - INFO - PubMed API: PMid: 39822173: Metadata Found.
2025-08-18 16:37:33,311 - INFO - PubMed API: PMid: 39822172: Metadata Found.
2025-08-18 16:37:33,312 - INFO - PubMed API: PMid: 39822170: Metadata Found.
2025-08-18 16:37:33,312 - INFO - PubMed API: PMid: 39821721: Metadata Found.
2025-08-18 16:37:33,312 - INFO - PubMed API: PMid: 39821576: Metadata Found.
2025-08-18 16:37:33,312 - INFO - PubMed API: PMid: 39817495: Metadata Found.
2025-08-18 16:37:33,313 - INFO - PubMed API: PMid: 39815331: Metadata Found.
2025-08-18 16:37:33,313 - INFO - PubMed API: PMid: 39815301: Metadata Found.
2025-08-18 16:37:33,313 - INFO - PubMed API: PMid: 39815188: Metadata Found.
2025-08-18 16:37:33,313 - INFO - PubMed API: PMid: 39813554: Metadata Found.
2025-08-18 16:37:33,313 - INFO - PubMed API: PMid: 39813178: Metadata Found.
2025-08-18 16:37:33,313 - INFO - PubMed API: PMid: 39812918: Metadata Found.
2025-08-18 16:37:33,313 - INFO - PubMed API: PMid: 39811500: Metadata Found.
2025-08-18 16:37:33,314 - INFO - PubMed API: PMid: 39810215: Metadata Found.
2025-08-18 16:37:33,314 - INFO - PubMed API: PMid: 39809787: Metadata Found.
2025-08-18 16:37:33,314 - INFO - PubMed API: PMid: 39809174: Metadata Found.
2025-08-18 16:37:33,314 - INFO - PubMed API: PMid: 39806853: Metadata Found.
2025-08-18 16:37:33,314 - INFO - PubMed API: PMid: 39806334: Metadata Found.
2025-08-18 16:37:33,314 - INFO - PubMed API: PMid: 39799895: Metadata Found.
2025-08-18 16:37:33,315 - INFO - PubMed API: PMid: 39798422: Metadata Found.
2025-08-18 16:37:33,315 - INFO - PubMed API: PMid: 39796578: Metadata Found.
2025-08-18 16:37:33,315 - INFO - PubMed API: PMid: 39796161: Metadata Found.
2025-08-18 16:37:33,316 - INFO - PubMed API: PMid: 39796106: Metadata Found.
2025-08-18 16:37:33,316 - INFO - PubMed API: PMid: 39796030: Metadata Found.
2025-08-18 16:37:33,316 - INFO - PubMed API: PMid: 39794732: Metadata Found.
2025-08-18 16:37:33,316 - INFO - PubMed API: PMid: 39794466: Metadata Found.
2025-08-18 16:37:33,317 - INFO - PubMed API: PMid: 39793706: Metadata Found.
2025-08-18 16:37:33,317 - INFO - PubMed API: PMid: 39792765: Metadata Found.
2025-08-18 16:37:33,317 - INFO - PubMed API: PMid: 39792693: Metadata Found.
2025-08-18 16:37:33,318 - INFO - PubMed API: PMid: 39791716: Metadata Found.
2025-08-18 16:37:33,318 - INFO - PubMed API: PMid: 39789426: Metadata Found.
2025-08-18 16:37:33,318 - INFO - PubMed API: PMid: 39788916: Metadata Found.
2025-08-18 16:37:33,318 - INFO - PubMed API: PMid: 39788390: Metadata Found.
2025-08-18 16:37:33,318 - INFO - PubMed API: PMid: 39784731: Metadata Found.
2025-08-18 16:37:33,318 - INFO - PubMed API: PMid: 39784713: Metadata Found.
2025-08-18 16:37:33,318 - INFO - PubMed API: PMid: 39782682: Metadata Found.
2025-08-18 16:37:33,319 - INFO - PubMed API: PMid: 39781526: Metadata Found.
2025-08-18 16:37:33,319 - INFO - PubMed API: PMid: 39781520: Metadata Found.
2025-08-18 16:37:33,319 - INFO - PubMed API: PMid: 39780129: Metadata Found.
2025-08-18 16:37:33,319 - INFO - PubMed API: PMid: 39779803: Metadata Found.
2025-08-18 16:37:33,319 - INFO - PubMed API: PMid: 39779263: Metadata Found.
2025-08-18 16:37:33,376 - INFO - Extraction Process: 9000 Articles To Get.
2025-08-18 16:37:44,868 - ERROR - Extraction Process Interrupted Manually.
2025-08-18 16:37:44,907 - INFO - Extraction stage completed.
2025-08-18 16:37:44,907 - INFO - Starting annotation stage.
2025-08-18 16:37:46,505 - INFO - AtlasConnector: Deployment Pinged. Successfully Connected To MongoDB Atlas.
2025-08-18 16:37:46,506 - INFO - AtlasConnector: Cluster: articles-cluster.
2025-08-18 16:37:46,506 - INFO - AtlasConnector: DataBase: fetched-data-db.
2025-08-18 16:37:46,506 - INFO - AtlasConnector: Collection: pm-pmc-data.
2025-08-18 16:37:46,624 - INFO - AtlasConnector: Fetching Docs From Mongo Atlas...
2025-08-18 16:37:46,766 - INFO - AtlasConnector: Data Fetched With No Errors.
2025-08-18 16:37:46,766 - INFO - Normalizer: Initialized.
2025-08-18 16:37:46,767 - INFO - NLP: Loading NER Model...
